mode: set
airmouse-go/test_fyne.go:6.13,11.2 4 0
airmouse-go/cmd/airmouse-server/main.go:18.13,29.31 9 0
airmouse-go/cmd/airmouse-server/main.go:29.31,33.6 3 0
airmouse-go/cmd/airmouse-server/main.go:35.5,36.42 2 0
airmouse-go/cmd/airmouse-server/main.go:36.42,38.6 1 0
airmouse-go/cmd/airmouse-server/main.go:41.5,44.15 2 0
airmouse-go/cmd/airmouse-server/main.go:44.15,53.6 8 0
airmouse-go/cmd/airmouse-server/main.go:56.5,56.37 1 0
airmouse-go/cmd/airmouse-server/main.go:56.37,59.6 2 0
airmouse-go/internal/config/config.go:115.20,116.20 1 0
airmouse-go/internal/config/config.go:116.20,118.6 1 0
airmouse-go/internal/config/config.go:119.5,119.20 1 0
airmouse-go/internal/config/config.go:122.30,195.19 3 0
airmouse-go/internal/config/config.go:195.19,197.6 1 0
airmouse-go/internal/config/config.go:198.5,198.15 1 0
airmouse-go/internal/config/config.go:201.31,205.19 4 0
airmouse-go/internal/config/config.go:205.19,207.6 1 0
airmouse-go/internal/config/config.go:208.5,209.65 2 0
airmouse-go/internal/config/config.go:209.65,211.6 1 0
airmouse-go/internal/config/config.go:212.5,212.42 1 0
airmouse-go/internal/config/config.go:215.44,220.2 4 0
airmouse-go/internal/config/config.go:222.41,227.2 4 0
airmouse-go/internal/config/config.go:229.53,234.2 4 0
airmouse-go/internal/config/config.go:236.59,241.2 4 0
airmouse-go/internal/config/config.go:243.29,245.19 2 0
airmouse-go/internal/config/config.go:245.19,247.6 1 0
airmouse-go/internal/config/config.go:248.5,248.63 1 0
airmouse-go/internal/auth/manager.go:17.41,19.27 2 0
airmouse-go/internal/auth/manager.go:19.27,21.28 2 0
airmouse-go/internal/auth/manager.go:21.28,23.4 1 0
airmouse-go/internal/auth/manager.go:25.2,28.3 1 0
airmouse-go/internal/auth/manager.go:31.58,38.16 3 0
airmouse-go/internal/auth/manager.go:38.16,40.3 1 0
airmouse-go/internal/auth/manager.go:41.2,44.25 4 0
airmouse-go/internal/auth/manager.go:47.65,48.83 1 0
airmouse-go/internal/auth/manager.go:48.83,50.3 1 0
airmouse-go/internal/auth/manager.go:51.2,51.32 1 0
airmouse-go/internal/auth/manager.go:51.32,53.3 1 0
airmouse-go/internal/auth/manager.go:54.2,56.40 3 0
airmouse-go/internal/auth/manager.go:56.40,60.3 3 0
airmouse-go/internal/auth/manager.go:61.2,62.14 2 0
airmouse-go/internal/auth/manager.go:65.66,67.16 2 0
airmouse-go/internal/auth/manager.go:67.16,69.3 1 0
airmouse-go/internal/auth/manager.go:70.2,70.73 1 0
airmouse-go/internal/adaptivesmoothing/bspline.go:10.63,14.23 4 0
airmouse-go/internal/adaptivesmoothing/bspline.go:14.23,16.3 1 0
airmouse-go/internal/adaptivesmoothing/bspline.go:17.2,22.3 1 0
airmouse-go/internal/adaptivesmoothing/bspline.go:25.63,26.12 1 0
airmouse-go/internal/adaptivesmoothing/bspline.go:26.12,27.42 1 0
airmouse-go/internal/adaptivesmoothing/bspline.go:27.42,29.4 1 0
airmouse-go/internal/adaptivesmoothing/bspline.go:30.3,30.13 1 0
airmouse-go/internal/adaptivesmoothing/bspline.go:32.2,35.17 4 0
airmouse-go/internal/adaptivesmoothing/bspline.go:35.17,37.3 1 0
airmouse-go/internal/adaptivesmoothing/bspline.go:38.2,38.17 1 0
airmouse-go/internal/adaptivesmoothing/bspline.go:38.17,40.3 1 0
airmouse-go/internal/adaptivesmoothing/bspline.go:41.2,41.22 1 0
airmouse-go/internal/adaptivesmoothing/bspline.go:44.60,46.29 2 0
airmouse-go/internal/adaptivesmoothing/bspline.go:46.29,50.3 3 0
airmouse-go/internal/adaptivesmoothing/bspline.go:51.2,51.8 1 0
airmouse-go/internal/adaptivesmoothing/bspline.go:54.46,56.35 2 0
airmouse-go/internal/adaptivesmoothing/bspline.go:56.35,59.3 2 0
airmouse-go/internal/adaptivesmoothing/bspline.go:60.2,60.13 1 0
airmouse-go/internal/adaptivesmoothing/humanizer.go:19.47,29.2 1 0
airmouse-go/internal/adaptivesmoothing/humanizer.go:40.54,46.28 2 0
airmouse-go/internal/adaptivesmoothing/humanizer.go:46.28,49.6 2 0
airmouse-go/internal/adaptivesmoothing/humanizer.go:50.5,50.13 1 0
airmouse-go/internal/adaptivesmoothing/humanizer.go:53.88,57.58 3 0
airmouse-go/internal/adaptivesmoothing/humanizer.go:57.58,59.6 1 0
airmouse-go/internal/adaptivesmoothing/humanizer.go:60.5,60.39 1 0
airmouse-go/internal/adaptivesmoothing/humanizer.go:60.39,62.25 2 0
airmouse-go/internal/adaptivesmoothing/humanizer.go:62.25,64.35 2 0
airmouse-go/internal/adaptivesmoothing/humanizer.go:64.35,66.14 1 0
airmouse-go/internal/adaptivesmoothing/humanizer.go:67.13,69.27 3 0
airmouse-go/internal/adaptivesmoothing/humanizer.go:69.27,72.14 2 0
airmouse-go/internal/adaptivesmoothing/humanizer.go:73.15,75.10 1 0
airmouse-go/internal/adaptivesmoothing/humanizer.go:77.5,77.49 1 0
airmouse-go/internal/adaptivesmoothing/humanizer.go:77.49,81.6 3 0
airmouse-go/internal/adaptivesmoothing/humanizer.go:82.5,86.18 5 0
airmouse-go/internal/adaptivesmoothing/humanizer.go:89.50,92.67 3 0
airmouse-go/internal/adaptivesmoothing/humanizer.go:92.67,94.37 2 0
airmouse-go/internal/adaptivesmoothing/humanizer.go:94.37,96.10 1 0
airmouse-go/internal/adaptivesmoothing/humanizer.go:98.5,98.28 1 0
airmouse-go/internal/adaptivesmoothing/humanizer.go:101.85,102.32 1 0
airmouse-go/internal/adaptivesmoothing/humanizer.go:102.32,104.6 1 0
airmouse-go/internal/adaptivesmoothing/humanizer.go:105.5,107.22 3 0
airmouse-go/internal/adaptivesmoothing/humanizer.go:107.22,109.6 1 0
airmouse-go/internal/adaptivesmoothing/humanizer.go:110.5,113.43 4 0
airmouse-go/internal/adaptivesmoothing/humanizer.go:113.43,115.6 1 0
airmouse-go/internal/adaptivesmoothing/humanizer.go:116.5,116.43 1 0
airmouse-go/internal/adaptivesmoothing/humanizer.go:116.43,118.6 1 0
airmouse-go/internal/adaptivesmoothing/humanizer.go:119.5,119.11 1 0
airmouse-go/internal/adaptivesmoothing/humanizer.go:122.29,127.2 4 0
airmouse-go/internal/adaptivesmoothing/tremor.go:20.44,29.2 1 0
airmouse-go/internal/adaptivesmoothing/tremor.go:31.53,36.16 5 0
airmouse-go/internal/adaptivesmoothing/tremor.go:36.16,38.3 1 0
airmouse-go/internal/adaptivesmoothing/tremor.go:39.2,46.8 8 0
airmouse-go/internal/adaptivesmoothing/tremor.go:49.53,53.2 3 0
airmouse-go/internal/adaptivesmoothing/velocity.go:15.87,24.2 3 0
airmouse-go/internal/adaptivesmoothing/velocity.go:26.59,27.16 1 0
airmouse-go/internal/adaptivesmoothing/velocity.go:27.16,29.3 1 0
airmouse-go/internal/adaptivesmoothing/velocity.go:30.2,30.11 1 0
airmouse-go/internal/adaptivesmoothing/velocity.go:30.11,32.3 1 0
airmouse-go/internal/adaptivesmoothing/velocity.go:33.2,36.16 4 0
airmouse-go/internal/adaptivesmoothing/velocity.go:36.16,38.3 1 0
airmouse-go/internal/adaptivesmoothing/velocity.go:39.2,39.30 1 0
airmouse-go/internal/adaptivesmoothing/velocity.go:42.88,45.18 3 0
airmouse-go/internal/adaptivesmoothing/velocity.go:45.18,47.3 1 0
airmouse-go/internal/adaptivesmoothing/velocity.go:48.2,48.18 1 0
airmouse-go/internal/adaptivesmoothing/velocity.go:48.18,50.3 1 0
airmouse-go/internal/adaptivesmoothing/velocity.go:51.2,51.33 1 0
airmouse-go/internal/control/ai_smoothing_stub.go:8.76,10.2 1 0
airmouse-go/internal/control/ai_smoothing_stub.go:12.46,12.47 0 0
airmouse-go/internal/control/ai_smoothing_stub.go:14.65,14.85 1 0
airmouse-go/internal/control/ai_smoothing_stub.go:16.48,16.49 0 0
airmouse-go/internal/control/ai_smoothing_stub.go:18.36,18.50 1 0
airmouse-go/internal/control/gesture.go:21.62,22.44 1 0
airmouse-go/internal/control/gesture.go:22.44,23.13 1 0
airmouse-go/internal/control/gesture.go:23.13,25.4 1 0
airmouse-go/internal/control/gesture.go:26.3,26.26 1 0
airmouse-go/internal/control/gesture.go:28.2,28.44 1 0
airmouse-go/internal/control/gesture.go:28.44,29.13 1 0
airmouse-go/internal/control/gesture.go:29.13,31.4 1 0
airmouse-go/internal/control/gesture.go:32.3,32.24 1 0
airmouse-go/internal/control/gesture.go:34.2,34.20 1 0
airmouse-go/internal/control/ml_predictor.go:15.68,17.16 2 0
airmouse-go/internal/control/ml_predictor.go:17.16,19.3 1 0
airmouse-go/internal/control/ml_predictor.go:20.2,23.8 1 0
airmouse-go/internal/control/ml_predictor.go:26.46,27.24 1 0
airmouse-go/internal/control/ml_predictor.go:27.24,29.3 1 0
airmouse-go/internal/control/ml_predictor.go:32.66,33.24 1 0
airmouse-go/internal/control/ml_predictor.go:33.24,35.3 1 0
airmouse-go/internal/control/ml_predictor.go:36.2,36.35 1 0
airmouse-go/internal/control/ml_predictor.go:39.48,40.24 1 0
airmouse-go/internal/control/ml_predictor.go:40.24,42.3 1 0
airmouse-go/internal/control/ml_predictor.go:45.54,46.24 1 0
airmouse-go/internal/control/ml_predictor.go:46.24,48.3 1 0
airmouse-go/internal/control/ml_predictor.go:51.37,52.24 1 0
airmouse-go/internal/control/ml_predictor.go:52.24,54.3 1 0
airmouse-go/internal/control/ml_predictor.go:55.2,55.12 1 0
airmouse-go/internal/control/mouse.go:75.62,89.25 3 0
airmouse-go/internal/control/mouse.go:89.25,95.3 5 0
airmouse-go/internal/control/mouse.go:96.2,96.10 1 0
airmouse-go/internal/control/mouse.go:99.54,99.79 1 0
airmouse-go/internal/control/mouse.go:100.73,103.2 2 0
airmouse-go/internal/control/mouse.go:104.58,104.82 1 0
airmouse-go/internal/control/mouse.go:105.58,105.79 1 0
airmouse-go/internal/control/mouse.go:106.58,106.85 1 0
airmouse-go/internal/control/mouse.go:107.68,108.24 1 0
airmouse-go/internal/control/mouse.go:108.24,110.3 1 0
airmouse-go/internal/control/mouse.go:112.59,114.25 2 0
airmouse-go/internal/control/mouse.go:114.25,116.3 1 0
airmouse-go/internal/control/mouse.go:118.60,118.100 2 0
airmouse-go/internal/control/mouse.go:119.60,119.85 1 0
airmouse-go/internal/control/mouse.go:120.60,120.82 1 0
airmouse-go/internal/control/mouse.go:122.77,123.18 1 0
airmouse-go/internal/control/mouse.go:123.18,125.3 1 0
airmouse-go/internal/control/mouse.go:126.2,129.25 4 0
airmouse-go/internal/control/mouse.go:132.48,134.43 2 0
airmouse-go/internal/control/mouse.go:134.43,137.3 2 0
airmouse-go/internal/control/mouse.go:138.2,139.35 2 0
airmouse-go/internal/control/mouse.go:139.35,141.3 1 0
airmouse-go/internal/control/mouse.go:143.2,147.41 3 0
airmouse-go/internal/control/mouse.go:147.41,149.3 1 0
airmouse-go/internal/control/mouse.go:149.8,151.3 1 0
airmouse-go/internal/control/mouse.go:154.2,154.40 1 0
airmouse-go/internal/control/mouse.go:154.40,157.49 3 0
airmouse-go/internal/control/mouse.go:157.49,160.4 2 0
airmouse-go/internal/control/mouse.go:164.2,164.41 1 0
airmouse-go/internal/control/mouse.go:164.41,167.17 3 0
airmouse-go/internal/control/mouse.go:167.17,170.4 2 0
airmouse-go/internal/control/mouse.go:174.2,174.46 1 0
airmouse-go/internal/control/mouse.go:174.46,176.3 1 0
airmouse-go/internal/control/mouse.go:178.2,178.20 1 0
airmouse-go/internal/control/mouse.go:178.20,180.16 2 0
airmouse-go/internal/control/mouse.go:180.16,182.20 2 0
airmouse-go/internal/control/mouse.go:182.20,184.5 1 0
airmouse-go/internal/control/mouse.go:185.4,186.16 2 0
airmouse-go/internal/control/mouse.go:190.2,190.64 1 0
airmouse-go/internal/control/mouse.go:190.64,192.3 1 0
airmouse-go/internal/control/mouse.go:194.2,197.24 4 0
airmouse-go/internal/control/mouse.go:197.24,199.3 1 0
airmouse-go/internal/control/mouse.go:202.48,204.22 2 0
airmouse-go/internal/control/mouse.go:204.22,205.54 1 0
airmouse-go/internal/control/mouse.go:205.54,207.26 2 0
airmouse-go/internal/control/mouse.go:207.26,212.5 4 0
airmouse-go/internal/control/mouse.go:213.9,216.4 2 0
airmouse-go/internal/control/mouse.go:218.2,219.22 2 0
airmouse-go/internal/control/mouse.go:219.22,221.3 1 0
airmouse-go/internal/control/mouse.go:221.8,223.3 1 0
airmouse-go/internal/control/mouse.go:226.41,229.2 2 0
airmouse-go/internal/control/mouse.go:231.45,234.2 2 0
airmouse-go/internal/control/mouse.go:236.70,241.2 1 0
airmouse-go/internal/control/mouse.go:243.62,243.84 1 0
airmouse-go/internal/control/mouse.go:244.62,244.103 2 0
airmouse-go/internal/control/mouse_darwin.go:36.55,38.2 1 0
airmouse-go/internal/control/mouse_darwin.go:40.55,41.22 1 0
airmouse-go/internal/control/mouse_darwin.go:41.22,44.3 2 0
airmouse-go/internal/control/mouse_darwin.go:44.8,44.30 1 0
airmouse-go/internal/control/mouse_darwin.go:44.30,47.3 2 0
airmouse-go/internal/control/mouse_darwin.go:50.48,50.98 2 0
airmouse-go/internal/control/mouse_darwin.go:51.52,53.2 1 0
airmouse-go/internal/control/movement_predictor.go:18.86,25.2 1 1
airmouse-go/internal/control/movement_predictor.go:27.90,30.19 3 1
airmouse-go/internal/control/movement_predictor.go:30.19,32.6 1 1
airmouse-go/internal/control/movement_predictor.go:33.5,35.16 3 1
airmouse-go/internal/control/movement_predictor.go:35.16,37.3 1 1
airmouse-go/internal/control/movement_predictor.go:38.2,45.11 8 1
airmouse-go/internal/control/movement_predictor.go:48.54,52.2 3 1
airmouse-go/internal/control/movement_predictor.go:54.60,58.2 3 0
airmouse-go/internal/control/movement_predictor.go:60.37,65.2 4 1
airmouse-go/internal/control/pause.go:10.37,14.2 3 1
airmouse-go/internal/control/pause.go:16.30,20.2 3 1
airmouse-go/internal/handler/dto/response.go:15.35,23.2 1 0
airmouse-go/internal/handler/dto/response.go:37.56,45.2 1 0
airmouse-go/internal/infra/bluetooth/hid.go:12.38,14.2 1 0
airmouse-go/internal/infra/bluetooth/manager.go:23.42,28.2 1 0
airmouse-go/internal/infra/bluetooth/manager.go:30.33,35.2 4 0
airmouse-go/internal/infra/bluetooth/manager.go:37.34,38.16 1 0
airmouse-go/internal/infra/bluetooth/manager.go:38.16,49.3 5 0
airmouse-go/internal/infra/bluetooth/manager.go:52.26,55.2 2 0
airmouse-go/internal/infra/bluetooth/manager.go:57.50,61.34 4 0
airmouse-go/internal/infra/bluetooth/manager.go:61.34,63.3 1 0
airmouse-go/internal/infra/bluetooth/manager.go:64.2,64.14 1 0
airmouse-go/internal/infra/bluetooth/serial.go:9.57,11.2 1 0
airmouse-go/internal/infra/bluetooth/serial.go:13.44,16.2 2 0
airmouse-go/internal/infra/bluetooth/serial.go:18.41,20.2 1 0
airmouse-go/internal/domain/service/connection_service.go:53.79,55.2 1 0
airmouse-go/internal/domain/service/connection_service.go:57.73,59.2 1 0
airmouse-go/internal/domain/service/connection_service.go:61.63,63.2 1 0
airmouse-go/internal/domain/service/connection_service.go:65.74,67.2 1 0
airmouse-go/internal/domain/service/connection_service.go:69.69,71.2 1 0
airmouse-go/internal/domain/service/connection_service.go:73.71,74.62 1 0
airmouse-go/internal/domain/service/connection_service.go:74.62,76.3 1 0
airmouse-go/internal/domain/service/connection_service.go:77.2,77.36 1 0
airmouse-go/internal/domain/service/connection_service.go:80.78,82.2 1 0
airmouse-go/internal/domain/service/connection_service.go:84.61,86.16 2 0
airmouse-go/internal/domain/service/connection_service.go:86.16,88.3 1 0
airmouse-go/internal/domain/service/connection_service.go:91.2,91.12 1 0
airmouse-go/internal/domain/service/connection_service.go:94.91,96.16 2 0
airmouse-go/internal/domain/service/connection_service.go:96.16,98.3 1 0
airmouse-go/internal/domain/service/connection_service.go:99.2,100.12 2 0
airmouse-go/internal/domain/service/connection_service.go:103.56,105.16 2 0
airmouse-go/internal/domain/service/connection_service.go:105.16,107.3 1 0
airmouse-go/internal/domain/service/connection_service.go:108.2,108.26 1 0
airmouse-go/internal/domain/service/connection_service.go:111.75,113.2 1 0
airmouse-go/internal/domain/service/connection_service.go:115.88,117.33 2 0
airmouse-go/internal/domain/service/connection_service.go:117.33,119.3 1 0
airmouse-go/internal/domain/service/connection_service.go:120.2,126.8 1 0
airmouse-go/internal/domain/service/gesture_service.go:46.103,51.2 1 0
airmouse-go/internal/domain/service/gesture_service.go:54.84,61.2 1 0
airmouse-go/internal/domain/service/gesture_service.go:63.94,64.21 1 0
airmouse-go/internal/domain/service/gesture_service.go:64.21,66.3 1 0
airmouse-go/internal/domain/service/gesture_service.go:68.2,72.8 1 0
airmouse-go/internal/domain/service/gesture_service.go:75.79,77.2 1 0
airmouse-go/internal/domain/service/gesture_service.go:79.82,81.2 1 0
airmouse-go/internal/domain/service/gesture_service.go:83.107,85.2 1 0
airmouse-go/internal/domain/service/gesture_service.go:87.58,89.2 1 0
airmouse-go/internal/domain/service/gesture_service.go:91.81,95.2 1 0
airmouse-go/internal/domain/service/gesture_service.go:97.92,98.28 1 0
airmouse-go/internal/domain/service/gesture_service.go:98.28,100.3 1 0
airmouse-go/internal/domain/service/gesture_service.go:102.2,102.17 1 0
airmouse-go/internal/domain/service/gesture_service.go:105.139,108.2 1 0
airmouse-go/internal/domain/service/mouse_service.go:56.108,57.27 1 0
airmouse-go/internal/domain/service/mouse_service.go:57.27,59.3 1 0
airmouse-go/internal/domain/service/mouse_service.go:60.2,63.3 1 0
airmouse-go/internal/domain/service/mouse_service.go:66.51,75.39 5 0
airmouse-go/internal/domain/service/mouse_service.go:75.39,77.3 1 0
airmouse-go/internal/domain/service/mouse_service.go:78.2,78.39 1 0
airmouse-go/internal/domain/service/mouse_service.go:78.39,80.3 1 0
airmouse-go/internal/domain/service/mouse_service.go:81.2,81.24 1 0
airmouse-go/internal/domain/service/mouse_service.go:81.24,83.3 1 0
airmouse-go/internal/domain/service/mouse_service.go:86.2,86.34 1 0
airmouse-go/internal/domain/service/mouse_service.go:86.34,90.3 3 0
airmouse-go/internal/domain/service/mouse_service.go:93.2,93.28 1 0
airmouse-go/internal/domain/service/mouse_service.go:93.28,95.16 2 0
airmouse-go/internal/domain/service/mouse_service.go:95.16,97.20 2 0
airmouse-go/internal/domain/service/mouse_service.go:97.20,99.5 1 0
airmouse-go/internal/domain/service/mouse_service.go:100.4,101.16 2 0
airmouse-go/internal/domain/service/mouse_service.go:106.2,106.35 1 0
airmouse-go/internal/domain/service/mouse_service.go:106.36,109.3 0 0
airmouse-go/internal/domain/service/mouse_service.go:111.2,111.28 1 0
airmouse-go/internal/domain/service/mouse_service.go:114.54,116.2 1 0
airmouse-go/internal/domain/service/mouse_service.go:118.63,120.2 1 0
airmouse-go/internal/domain/service/mouse_service.go:122.44,124.2 1 0
airmouse-go/internal/domain/service/mouse_service.go:126.43,128.2 1 0
airmouse-go/internal/domain/service/mouse_service.go:130.48,132.2 1 0
airmouse-go/internal/domain/service/mouse_service.go:134.63,136.2 1 0
airmouse-go/internal/domain/service/mouse_service.go:138.43,140.2 1 0
airmouse-go/internal/domain/service/mouse_service.go:142.60,145.23 3 0
airmouse-go/internal/domain/service/mouse_service.go:145.23,147.3 1 0
airmouse-go/internal/domain/service/mouse_service.go:148.2,148.23 1 0
airmouse-go/internal/domain/service/mouse_service.go:148.23,150.3 1 0
airmouse-go/internal/domain/service/mouse_service.go:151.2,152.42 2 0
airmouse-go/internal/domain/service/mouse_service.go:155.74,160.2 4 0
airmouse-go/internal/domain/service/mouse_service.go:162.70,166.2 3 0
airmouse-go/internal/handler/http/middleware.go:9.56,10.71 1 0
airmouse-go/internal/handler/http/middleware.go:10.71,14.3 3 0
airmouse-go/internal/handler/http/middleware.go:17.56,18.71 1 0
airmouse-go/internal/handler/http/middleware.go:18.71,19.16 1 0
airmouse-go/internal/handler/http/middleware.go:19.16,20.36 1 0
airmouse-go/internal/handler/http/middleware.go:20.36,23.5 2 0
airmouse-go/internal/handler/http/middleware.go:25.3,25.23 1 0
airmouse-go/internal/handler/http/router.go:9.51,15.2 5 0
airmouse-go/internal/handler/http/router.go:17.60,20.2 2 0
airmouse-go/internal/handler/http/router.go:22.61,26.2 2 0
airmouse-go/internal/device/authenticator.go:9.55,11.27 2 0
airmouse-go/internal/device/authenticator.go:11.27,13.3 1 0
airmouse-go/internal/device/authenticator.go:14.2,14.41 1 0
airmouse-go/internal/device/authenticator.go:17.57,18.30 1 0
airmouse-go/internal/device/authenticator.go:18.30,19.68 1 0
airmouse-go/internal/device/authenticator.go:19.68,21.4 1 0
airmouse-go/internal/device/authenticator.go:23.2,23.14 1 0
airmouse-go/internal/device/manager.go:44.28,49.2 1 0
airmouse-go/internal/device/manager.go:51.78,64.2 4 0
airmouse-go/internal/device/manager.go:66.47,69.34 3 0
airmouse-go/internal/device/manager.go:69.34,73.3 3 0
airmouse-go/internal/device/manager.go:76.53,79.34 3 0
airmouse-go/internal/device/manager.go:79.34,82.3 2 0
airmouse-go/internal/device/manager.go:85.64,88.37 3 0
airmouse-go/internal/device/manager.go:88.37,90.3 1 0
airmouse-go/internal/device/manager.go:90.8,97.3 1 0
airmouse-go/internal/device/manager.go:100.49,104.30 4 0
airmouse-go/internal/device/manager.go:104.30,106.3 1 0
airmouse-go/internal/device/manager.go:107.2,107.13 1 0
airmouse-go/internal/device/manager.go:110.48,114.33 4 0
airmouse-go/internal/device/manager.go:114.33,116.3 1 0
airmouse-go/internal/device/manager.go:117.2,117.13 1 0
airmouse-go/internal/device/manager.go:120.56,124.2 3 0
airmouse-go/internal/device/manager.go:126.52,127.33 1 0
airmouse-go/internal/device/manager.go:127.33,129.3 1 0
airmouse-go/internal/handler/websocket/client.go:23.67,39.2 1 0
airmouse-go/internal/handler/websocket/client.go:41.29,42.15 1 0
airmouse-go/internal/handler/websocket/client.go:42.15,45.3 2 0
airmouse-go/internal/handler/websocket/client.go:46.2,48.43 3 0
airmouse-go/internal/handler/websocket/client.go:48.43,53.3 4 0
airmouse-go/internal/handler/websocket/client.go:54.2,54.6 1 0
airmouse-go/internal/handler/websocket/client.go:54.6,56.17 2 0
airmouse-go/internal/handler/websocket/client.go:56.17,57.9 1 0
airmouse-go/internal/handler/websocket/client.go:59.3,59.28 1 0
airmouse-go/internal/handler/websocket/client.go:63.30,65.15 2 0
airmouse-go/internal/handler/websocket/client.go:65.15,68.3 2 0
airmouse-go/internal/handler/websocket/client.go:69.2,69.6 1 0
airmouse-go/internal/handler/websocket/client.go:69.6,70.10 1 0
airmouse-go/internal/handler/websocket/client.go:71.32,73.11 2 0
airmouse-go/internal/handler/websocket/client.go:73.11,76.5 2 0
airmouse-go/internal/handler/websocket/client.go:77.4,77.78 1 0
airmouse-go/internal/handler/websocket/client.go:77.78,79.5 1 0
airmouse-go/internal/handler/websocket/client.go:80.19,82.74 2 0
airmouse-go/internal/handler/websocket/client.go:82.74,84.5 1 0
airmouse-go/internal/handler/websocket/client.go:89.46,91.51 2 0
airmouse-go/internal/handler/websocket/client.go:91.51,93.3 1 0
airmouse-go/internal/handler/websocket/client.go:94.2,94.18 1 0
airmouse-go/internal/handler/websocket/client.go:95.14,97.57 2 0
airmouse-go/internal/handler/websocket/client.go:97.57,99.4 1 0
airmouse-go/internal/handler/websocket/client.go:100.15,102.57 2 0
airmouse-go/internal/handler/websocket/client.go:102.57,104.4 1 0
airmouse-go/internal/handler/websocket/client.go:105.21,106.39 1 0
airmouse-go/internal/handler/websocket/client.go:107.20,108.38 1 0
airmouse-go/internal/handler/websocket/client.go:109.16,111.57 2 0
airmouse-go/internal/handler/websocket/client.go:111.57,113.4 1 0
airmouse-go/internal/handler/websocket/client.go:114.15,116.57 2 0
airmouse-go/internal/handler/websocket/client.go:116.57,119.4 2 0
airmouse-go/internal/handler/websocket/client.go:120.14,121.38 1 0
airmouse-go/internal/handler/websocket/handler.go:14.46,14.61 1 0
airmouse-go/internal/handler/websocket/handler.go:46.50,49.2 2 0
airmouse-go/internal/handler/websocket/handler.go:53.36,55.2 1 0
airmouse-go/internal/handler/websocket/handler.go:57.69,59.16 2 0
airmouse-go/internal/handler/websocket/handler.go:59.16,61.3 1 0
airmouse-go/internal/handler/websocket/handler.go:62.2,67.22 5 0
airmouse-go/internal/handler/websocket/handler.go:71.63,74.52 2 0
airmouse-go/internal/handler/websocket/handler.go:74.52,76.3 1 0
airmouse-go/internal/handler/websocket/handler.go:77.2,78.34 2 0
airmouse-go/internal/handler/websocket/handler.go:78.34,80.3 1 0
airmouse-go/internal/handler/websocket/handler.go:82.2,83.33 2 0
airmouse-go/internal/handler/websocket/handler.go:83.33,85.3 1 0
airmouse-go/internal/handler/websocket/handler.go:87.2,87.13 1 0
airmouse-go/internal/handler/websocket/handler.go:88.14,91.38 2 0
airmouse-go/internal/handler/websocket/handler.go:91.38,93.51 2 0
airmouse-go/internal/handler/websocket/handler.go:93.51,95.5 1 0
airmouse-go/internal/handler/websocket/handler.go:96.9,98.34 1 0
airmouse-go/internal/handler/websocket/handler.go:98.34,100.5 1 0
airmouse-go/internal/handler/websocket/handler.go:101.4,101.34 1 0
airmouse-go/internal/handler/websocket/handler.go:101.34,103.5 1 0
airmouse-go/internal/handler/websocket/handler.go:105.3,105.38 1 0
airmouse-go/internal/handler/websocket/handler.go:106.15,108.38 2 0
airmouse-go/internal/handler/websocket/handler.go:108.38,110.51 2 0
airmouse-go/internal/handler/websocket/handler.go:110.51,112.5 1 0
airmouse-go/internal/handler/websocket/handler.go:113.9,113.44 1 0
airmouse-go/internal/handler/websocket/handler.go:113.44,115.4 1 0
airmouse-go/internal/handler/websocket/handler.go:116.3,116.56 1 0
airmouse-go/internal/handler/websocket/handler.go:117.21,118.39 1 0
airmouse-go/internal/handler/websocket/handler.go:119.20,120.38 1 0
airmouse-go/internal/handler/websocket/handler.go:121.16,123.38 2 0
airmouse-go/internal/handler/websocket/handler.go:123.38,125.51 2 0
airmouse-go/internal/handler/websocket/handler.go:125.51,127.5 1 0
airmouse-go/internal/handler/websocket/handler.go:128.9,128.43 1 0
airmouse-go/internal/handler/websocket/handler.go:128.43,130.4 1 0
airmouse-go/internal/handler/websocket/handler.go:131.3,131.39 1 0
airmouse-go/internal/handler/websocket/handler.go:132.15,134.38 2 0
airmouse-go/internal/handler/websocket/handler.go:134.38,136.51 2 0
airmouse-go/internal/handler/websocket/handler.go:136.51,138.5 1 0
airmouse-go/internal/handler/websocket/handler.go:139.9,139.42 1 0
airmouse-go/internal/handler/websocket/handler.go:139.42,141.4 1 0
airmouse-go/internal/handler/websocket/handler.go:142.3,142.17 1 0
airmouse-go/internal/handler/websocket/handler.go:142.17,145.4 2 0
airmouse-go/internal/handler/websocket/handler.go:146.17,146.17 0 0
airmouse-go/internal/handler/websocket/handler.go:149.19,149.19 0 0
airmouse-go/internal/handler/websocket/handler.go:152.17,155.38 2 0
airmouse-go/internal/handler/websocket/handler.go:155.38,157.53 2 0
airmouse-go/internal/handler/websocket/handler.go:157.53,158.39 1 0
airmouse-go/internal/handler/websocket/handler.go:158.39,160.6 1 0
airmouse-go/internal/handler/websocket/handler.go:163.3,163.14 1 0
airmouse-go/internal/handler/websocket/handler.go:164.25,164.25 0 0
airmouse-go/internal/handler/websocket/handler.go:166.26,166.26 0 0
airmouse-go/internal/handler/websocket/handler.go:172.2,172.16 1 0
airmouse-go/internal/handler/websocket/handler.go:172.16,174.46 2 0
airmouse-go/internal/handler/websocket/handler.go:174.46,175.11 1 0
airmouse-go/internal/handler/websocket/handler.go:176.26,176.26 0 0
airmouse-go/internal/handler/websocket/handler.go:177.12,177.12 0 0
airmouse-go/internal/handler/websocket/hub.go:20.119,30.2 1 0
airmouse-go/internal/handler/websocket/hub.go:32.21,33.6 1 0
airmouse-go/internal/handler/websocket/hub.go:33.6,34.10 1 0
airmouse-go/internal/handler/websocket/hub.go:35.31,39.51 4 0
airmouse-go/internal/handler/websocket/hub.go:40.33,42.38 2 0
airmouse-go/internal/handler/websocket/hub.go:42.38,46.5 3 0
airmouse-go/internal/handler/websocket/hub.go:47.4,47.17 1 0
airmouse-go/internal/handler/websocket/hub.go:48.33,50.34 2 0
airmouse-go/internal/handler/websocket/hub.go:50.34,51.12 1 0
airmouse-go/internal/handler/websocket/hub.go:52.33,52.33 0 0
airmouse-go/internal/handler/websocket/hub.go:53.13,55.31 2 0
airmouse-go/internal/handler/websocket/hub.go:58.4,58.18 1 0
airmouse-go/internal/domain/entity/client.go:52.58,64.2 2 0
airmouse-go/internal/domain/entity/client.go:67.35,69.2 1 0
airmouse-go/internal/domain/entity/client.go:72.57,74.17 2 0
airmouse-go/internal/domain/entity/client.go:74.17,78.3 2 0
airmouse-go/internal/domain/entity/client.go:82.47,87.2 4 0
airmouse-go/internal/domain/entity/client.go:90.34,92.2 1 0
airmouse-go/internal/domain/entity/client.go:95.59,97.2 1 0
airmouse-go/internal/domain/entity/client.go:100.49,102.2 1 0
airmouse-go/internal/domain/entity/client.go:104.24,105.11 1 0
airmouse-go/internal/domain/entity/client.go:105.11,107.3 1 0
airmouse-go/internal/domain/entity/client.go:108.2,108.10 1 0
airmouse-go/internal/domain/entity/gesture.go:69.71,75.2 1 0
airmouse-go/internal/domain/entity/gesture.go:78.43,80.2 1 0
airmouse-go/internal/domain/entity/gesture.go:83.80,94.2 2 0
airmouse-go/internal/domain/entity/gesture.go:97.42,99.2 1 0
airmouse-go/internal/domain/entity/gesture.go:102.51,106.2 3 0
airmouse-go/internal/domain/entity/gesture.go:109.52,111.2 1 0
airmouse-go/internal/domain/entity/mouse.go:57.48,66.2 1 0
airmouse-go/internal/domain/entity/mouse.go:81.34,85.2 1 0
airmouse-go/internal/domain/entity/mouse.go:88.50,91.2 2 0
airmouse-go/internal/domain/entity/mouse.go:94.66,95.14 1 0
airmouse-go/internal/domain/entity/mouse.go:95.14,97.3 1 0
airmouse-go/internal/domain/entity/mouse.go:97.8,97.33 1 0
airmouse-go/internal/domain/entity/mouse.go:97.33,99.3 1 0
airmouse-go/internal/domain/entity/mouse.go:99.8,99.34 1 0
airmouse-go/internal/domain/entity/mouse.go:99.34,101.3 1 0
airmouse-go/internal/domain/entity/mouse.go:105.43,108.2 2 0
airmouse-go/internal/domain/entity/mouse.go:111.30,120.2 8 0
airmouse-go/internal/infra/config/config.go:66.20,67.17 1 0
airmouse-go/internal/infra/config/config.go:67.17,69.3 1 0
airmouse-go/internal/infra/config/config.go:70.2,70.17 1 0
airmouse-go/internal/infra/config/config.go:73.30,110.48 3 0
airmouse-go/internal/infra/config/config.go:110.48,112.3 1 0
airmouse-go/internal/infra/config/config.go:113.2,113.12 1 0
airmouse-go/internal/infra/config/config.go:116.31,120.16 4 0
airmouse-go/internal/infra/config/config.go:120.16,122.3 1 0
airmouse-go/internal/infra/config/config.go:123.2,123.50 1 0
airmouse-go/internal/infra/config/config.go:126.44,131.2 4 0
airmouse-go/internal/infra/config/config.go:133.41,138.2 4 0
airmouse-go/internal/infra/config/config.go:140.29,143.2 2 0
airmouse-go/internal/infra/logger/logger.go:39.41,40.17 1 0
airmouse-go/internal/infra/logger/logger.go:40.17,42.16 2 0
airmouse-go/internal/infra/logger/logger.go:43.16,44.20 1 0
airmouse-go/internal/infra/logger/logger.go:45.15,46.19 1 0
airmouse-go/internal/infra/logger/logger.go:47.16,48.20 1 0
airmouse-go/internal/infra/logger/logger.go:50.3,51.20 2 0
airmouse-go/internal/infra/logger/logger.go:51.20,55.18 4 0
airmouse-go/internal/infra/logger/logger.go:55.18,59.5 3 0
airmouse-go/internal/infra/logger/logger.go:61.3,61.51 1 0
airmouse-go/internal/infra/logger/logger.go:65.59,66.57 1 0
airmouse-go/internal/infra/logger/logger.go:66.57,68.3 1 0
airmouse-go/internal/infra/logger/logger.go:69.2,76.49 8 0
airmouse-go/internal/infra/logger/logger.go:79.48,79.84 1 0
airmouse-go/internal/infra/logger/logger.go:80.48,80.83 1 0
airmouse-go/internal/infra/logger/logger.go:81.48,81.83 1 0
airmouse-go/internal/infra/logger/logger.go:82.48,82.84 1 0
airmouse-go/internal/infra/logger/logger.go:84.14,85.55 1 0
airmouse-go/internal/infra/logger/logger.go:85.55,87.3 1 0
airmouse-go/internal/jitter/buffer.go:16.53,24.2 1 0
airmouse-go/internal/jitter/buffer.go:41.60,49.2 1 0
airmouse-go/internal/jitter/buffer.go:51.108,56.19 5 0
airmouse-go/internal/jitter/buffer.go:56.19,58.6 1 0
airmouse-go/internal/jitter/buffer.go:59.5,59.33 1 0
airmouse-go/internal/jitter/buffer.go:59.33,61.6 1 0
airmouse-go/internal/jitter/buffer.go:61.11,64.6 2 0
airmouse-go/internal/jitter/buffer.go:65.5,68.36 4 0
airmouse-go/internal/jitter/buffer.go:68.36,70.6 1 0
airmouse-go/internal/jitter/buffer.go:70.11,70.45 1 0
airmouse-go/internal/jitter/buffer.go:70.45,72.6 1 0
airmouse-go/internal/jitter/buffer.go:73.5,76.40 4 0
airmouse-go/internal/jitter/buffer.go:76.40,78.6 1 0
airmouse-go/internal/jitter/buffer.go:79.5,81.11 3 0
airmouse-go/internal/jitter/buffer.go:84.55,88.17 4 0
airmouse-go/internal/jitter/buffer.go:88.17,90.6 1 0
airmouse-go/internal/jitter/buffer.go:91.5,91.36 1 0
airmouse-go/internal/jitter/buffer.go:94.33,100.2 5 0
airmouse-go/internal/jitter/kalman1d.go:10.68,17.2 1 0
airmouse-go/internal/jitter/kalman1d.go:19.46,27.2 5 0
airmouse-go/internal/jitter/kalman1d.go:29.39,29.53 1 0
airmouse-go/internal/jitter/kalman1d.go:31.28,34.2 2 0
airmouse-go/internal/jitter/predictor.go:14.78,23.2 1 0
airmouse-go/internal/jitter/predictor.go:25.69,26.19 1 0
airmouse-go/internal/jitter/predictor.go:26.19,28.6 1 0
airmouse-go/internal/jitter/predictor.go:29.5,33.26 5 0
airmouse-go/internal/jitter/predictor.go:33.26,38.6 4 0
airmouse-go/internal/jitter/predictor.go:41.71,46.26 5 0
airmouse-go/internal/jitter/predictor.go:46.26,49.6 2 0
airmouse-go/internal/jitter/predictor.go:50.5,50.11 1 0
airmouse-go/internal/jitter/predictor.go:53.42,59.2 5 0
airmouse-go/internal/jitter/test.go:8.37,12.26 4 0
airmouse-go/internal/jitter/test.go:12.26,15.3 2 0
airmouse-go/internal/infra/usb/gadget.go:16.26,20.2 1 0
airmouse-go/internal/infra/usb/gadget.go:23.32,24.76 1 0
airmouse-go/internal/infra/usb/gadget.go:24.76,27.3 2 0
airmouse-go/internal/infra/usb/gadget.go:29.2,29.55 1 0
airmouse-go/internal/infra/usb/gadget.go:29.55,31.3 1 0
airmouse-go/internal/infra/usb/gadget.go:33.2,33.58 1 0
airmouse-go/internal/infra/usb/gadget.go:33.58,35.3 1 0
airmouse-go/internal/infra/usb/gadget.go:36.2,36.59 1 0
airmouse-go/internal/infra/usb/gadget.go:36.59,38.3 1 0
airmouse-go/internal/infra/usb/gadget.go:40.2,41.53 2 0
airmouse-go/internal/infra/usb/gadget.go:41.53,43.3 1 0
airmouse-go/internal/infra/usb/gadget.go:44.2,44.81 1 0
airmouse-go/internal/infra/usb/gadget.go:44.81,46.3 1 0
airmouse-go/internal/infra/usb/gadget.go:48.2,49.50 2 0
airmouse-go/internal/infra/usb/gadget.go:49.50,51.3 1 0
airmouse-go/internal/infra/usb/gadget.go:52.2,52.76 1 0
airmouse-go/internal/infra/usb/gadget.go:52.76,54.3 1 0
airmouse-go/internal/infra/usb/gadget.go:55.2,55.76 1 0
airmouse-go/internal/infra/usb/gadget.go:55.76,57.3 1 0
airmouse-go/internal/infra/usb/gadget.go:58.2,58.81 1 0
airmouse-go/internal/infra/usb/gadget.go:58.81,60.3 1 0
airmouse-go/internal/infra/usb/gadget.go:62.2,62.101 1 0
airmouse-go/internal/infra/usb/gadget.go:62.101,64.3 1 0
airmouse-go/internal/infra/usb/gadget.go:66.2,68.37 3 0
airmouse-go/internal/infra/usb/gadget.go:68.37,71.3 2 0
airmouse-go/internal/infra/usb/gadget.go:72.2,73.76 2 0
airmouse-go/internal/infra/usb/gadget.go:73.76,75.3 1 0
airmouse-go/internal/infra/usb/gadget.go:76.2,78.12 3 0
airmouse-go/internal/infra/usb/gadget.go:81.56,83.2 1 0
airmouse-go/internal/infra/usb/gadget.go:85.29,86.16 1 0
airmouse-go/internal/infra/usb/gadget.go:86.16,88.3 1 0
airmouse-go/internal/infra/usb/gadget.go:90.2,97.37 7 0
airmouse-go/internal/infra/mouse/darwin.go:38.71,40.2 1 0
airmouse-go/internal/infra/mouse/darwin.go:42.44,44.2 1 0
airmouse-go/internal/infra/mouse/darwin.go:46.44,47.22 1 0
airmouse-go/internal/infra/mouse/darwin.go:47.22,50.3 2 0
airmouse-go/internal/infra/mouse/darwin.go:50.8,50.30 1 0
airmouse-go/internal/infra/mouse/darwin.go:50.30,53.3 2 0
airmouse-go/internal/infra/mouse/darwin.go:56.37,59.2 2 0
airmouse-go/internal/infra/mouse/darwin.go:61.41,63.2 1 0
airmouse-go/internal/pkg/errors/errors.go:20.35,21.18 1 0
airmouse-go/internal/pkg/errors/errors.go:21.18,23.3 1 0
airmouse-go/internal/pkg/errors/errors.go:24.2,24.50 1 0
airmouse-go/internal/pkg/errors/errors.go:27.44,29.2 1 0
airmouse-go/internal/pkg/errors/errors.go:31.48,33.2 1 0
airmouse-go/internal/pkg/errors/errors.go:35.48,37.2 1 0
airmouse-go/internal/pkg/errors/errors.go:39.55,41.2 1 0
airmouse-go/internal/pkg/errors/errors.go:43.33,44.39 1 0
airmouse-go/internal/pkg/errors/errors.go:44.39,46.3 1 0
airmouse-go/internal/pkg/errors/errors.go:47.2,47.14 1 0
airmouse-go/internal/personalization/collector.go:23.40,29.2 1 0
airmouse-go/internal/personalization/collector.go:31.58,34.37 3 0
airmouse-go/internal/personalization/collector.go:34.37,36.6 1 0
airmouse-go/internal/personalization/collector.go:37.5,40.169 3 0
airmouse-go/internal/personalization/collector.go:40.169,42.6 1 0
airmouse-go/internal/personalization/collector.go:45.44,49.2 3 0
airmouse-go/internal/personalization/collector.go:51.51,55.2 3 0
airmouse-go/internal/personalization/collector.go:57.48,59.28 2 0
airmouse-go/internal/personalization/collector.go:59.28,62.6 2 0
airmouse-go/internal/personalization/collector.go:63.5,67.34 5 0
airmouse-go/internal/personalization/collector.go:67.34,71.6 1 0
airmouse-go/internal/personalization/collector.go:72.5,77.36 2 0
airmouse-go/internal/personalization/collector.go:80.44,86.34 6 0
airmouse-go/internal/personalization/collector.go:86.34,90.6 1 0
airmouse-go/internal/personalization/collector.go:91.5,96.82 2 0
airmouse-go/internal/personalization/collector.go:96.83,98.6 0 0
airmouse-go/internal/personalization/trainer_client.go:15.55,20.2 1 0
airmouse-go/internal/personalization/trainer_client.go:22.40,24.19 2 0
airmouse-go/internal/personalization/trainer_client.go:24.19,26.6 1 0
airmouse-go/internal/personalization/trainer_client.go:27.5,28.15 2 0
airmouse-go/internal/personalization/trainer_client.go:37.62,39.19 2 0
airmouse-go/internal/personalization/trainer_client.go:39.19,41.6 1 0
airmouse-go/internal/personalization/trainer_client.go:42.5,43.19 2 0
airmouse-go/internal/personalization/trainer_client.go:43.19,45.6 1 0
airmouse-go/internal/personalization/trainer_client.go:46.5,47.15 2 0
airmouse-go/internal/pkg/utils/crypto.go:12.53,14.16 2 0
airmouse-go/internal/pkg/utils/crypto.go:14.16,16.3 1 0
airmouse-go/internal/pkg/utils/crypto.go:17.2,18.16 2 0
airmouse-go/internal/pkg/utils/crypto.go:18.16,20.3 1 0
airmouse-go/internal/pkg/utils/crypto.go:21.2,22.59 2 0
airmouse-go/internal/pkg/utils/crypto.go:22.59,24.3 1 0
airmouse-go/internal/pkg/utils/crypto.go:25.2,26.59 2 0
airmouse-go/internal/pkg/utils/crypto.go:29.64,31.16 2 0
airmouse-go/internal/pkg/utils/crypto.go:31.16,33.3 1 0
airmouse-go/internal/pkg/utils/crypto.go:34.2,35.16 2 0
airmouse-go/internal/pkg/utils/crypto.go:35.16,37.3 1 0
airmouse-go/internal/pkg/utils/crypto.go:38.2,39.16 2 0
airmouse-go/internal/pkg/utils/crypto.go:39.16,41.3 1 0
airmouse-go/internal/pkg/utils/crypto.go:42.2,43.33 2 0
airmouse-go/internal/pkg/utils/crypto.go:43.33,45.3 1 0
airmouse-go/internal/pkg/utils/crypto.go:46.2,47.46 2 0
airmouse-go/internal/pkg/utils/net.go:7.26,9.16 2 0
airmouse-go/internal/pkg/utils/net.go:9.16,11.3 1 0
airmouse-go/internal/pkg/utils/net.go:12.2,12.29 1 0
airmouse-go/internal/pkg/utils/net.go:12.29,13.92 1 0
airmouse-go/internal/pkg/utils/net.go:13.92,15.4 1 0
airmouse-go/internal/pkg/utils/net.go:17.2,17.20 1 0
airmouse-go/internal/pkg/utils/net.go:20.32,23.16 3 0
airmouse-go/internal/pkg/utils/net.go:23.16,25.3 1 0
airmouse-go/internal/pkg/utils/net.go:26.2,26.29 1 0
airmouse-go/internal/pkg/utils/net.go:26.29,27.92 1 0
airmouse-go/internal/pkg/utils/net.go:27.92,29.4 1 0
airmouse-go/internal/pkg/utils/net.go:31.2,31.19 1 0
airmouse-go/internal/pkg/utils/net.go:31.19,33.3 1 0
airmouse-go/internal/pkg/utils/net.go:34.2,34.12 1 0
airmouse-go/internal/pkg/utils/random.go:11.42,13.19 2 0
airmouse-go/internal/pkg/utils/random.go:13.19,15.17 2 0
airmouse-go/internal/pkg/utils/random.go:15.17,17.4 1 0
airmouse-go/internal/pkg/utils/random.go:18.3,18.35 1 0
airmouse-go/internal/pkg/utils/random.go:20.2,20.23 1 0
airmouse-go/internal/pkg/utils/random.go:23.36,25.40 2 0
airmouse-go/internal/pkg/utils/random.go:25.40,27.3 1 0
airmouse-go/internal/pkg/utils/random.go:28.2,28.50 1 0
airmouse-go/internal/pkg/utils/time.go:5.45,7.2 1 0
airmouse-go/internal/pkg/utils/time.go:9.75,11.16 2 0
airmouse-go/internal/pkg/utils/time.go:11.16,13.3 1 0
airmouse-go/internal/pkg/utils/time.go:14.2,14.10 1 0
airmouse-go/internal/pkg/utils/time.go:17.24,19.2 1 0
airmouse-go/internal/pkg/utils/utils.go:11.26,15.2 3 0
airmouse-go/internal/pkg/utils/utils.go:18.45,19.17 1 0
airmouse-go/internal/pkg/utils/utils.go:19.17,21.3 1 0
airmouse-go/internal/pkg/utils/utils.go:22.2,22.17 1 0
airmouse-go/internal/pkg/utils/utils.go:22.17,24.3 1 0
airmouse-go/internal/pkg/utils/utils.go:25.2,25.14 1 0
airmouse-go/internal/pkg/utils/utils.go:29.72,31.2 1 0
airmouse-go/internal/pkg/utils/utils.go:36.24,38.2 1 0
airmouse-go/internal/pkg/utils/utils.go:41.64,42.22 1 0
airmouse-go/internal/pkg/utils/utils.go:42.22,44.3 1 0
airmouse-go/internal/pkg/utils/utils.go:45.2,45.26 1 0
airmouse-go/internal/pkg/utils/utils.go:45.26,47.3 1 0
airmouse-go/internal/pkg/utils/utils.go:48.2,49.54 2 0
airmouse-go/internal/pkg/utils/utils.go:49.54,51.3 1 0
airmouse-go/internal/pkg/utils/utils.go:52.2,52.30 1 0
airmouse-go/internal/pkg/utils/utils.go:56.36,58.2 1 0
airmouse-go/internal/pkg/utils/utils.go:61.36,63.2 1 0
airmouse-go/internal/pkg/utils/validation.go:9.34,11.2 1 0
airmouse-go/internal/pkg/utils/validation.go:13.33,15.2 1 0
airmouse-go/internal/protocol/bluetooth/hid.go:12.51,14.2 1 0
airmouse-go/internal/protocol/bluetooth/manager.go:28.100,35.2 1 0
airmouse-go/internal/protocol/bluetooth/manager.go:37.33,42.2 4 0
airmouse-go/internal/protocol/bluetooth/manager.go:44.34,45.16 1 0
airmouse-go/internal/protocol/bluetooth/manager.go:45.16,48.3 2 0
airmouse-go/internal/protocol/bluetooth/manager.go:51.26,54.2 2 0
airmouse-go/internal/protocol/bluetooth/manager.go:56.53,60.2 3 0
airmouse-go/internal/protocol/bluetooth/serial.go:9.57,11.2 1 0
airmouse-go/internal/protocol/bluetooth/serial.go:13.44,16.2 2 0
airmouse-go/internal/protocol/bluetooth/serial.go:18.41,20.2 1 0
airmouse-go/internal/particlefilter/filter.go:19.42,24.39 2 0
airmouse-go/internal/particlefilter/filter.go:24.39,30.6 2 0
airmouse-go/internal/particlefilter/filter.go:31.5,31.13 1 0
airmouse-go/internal/particlefilter/filter.go:34.38,35.32 1 0
airmouse-go/internal/particlefilter/filter.go:35.32,40.6 4 0
airmouse-go/internal/particlefilter/filter.go:43.61,44.32 1 0
airmouse-go/internal/particlefilter/filter.go:44.32,50.6 5 0
airmouse-go/internal/particlefilter/filter.go:51.5,51.18 1 0
airmouse-go/internal/particlefilter/filter.go:54.30,56.35 2 0
airmouse-go/internal/particlefilter/filter.go:56.35,58.6 1 0
airmouse-go/internal/particlefilter/filter.go:59.5,59.18 1 0
airmouse-go/internal/particlefilter/filter.go:59.18,60.36 1 0
airmouse-go/internal/particlefilter/filter.go:60.36,62.10 1 0
airmouse-go/internal/particlefilter/filter.go:66.29,70.35 4 0
airmouse-go/internal/particlefilter/filter.go:70.35,73.6 2 0
airmouse-go/internal/particlefilter/filter.go:74.5,74.41 1 0
airmouse-go/internal/particlefilter/filter.go:74.41,77.57 3 0
airmouse-go/internal/particlefilter/filter.go:77.57,79.10 1 0
airmouse-go/internal/particlefilter/filter.go:80.9,80.34 1 0
airmouse-go/internal/particlefilter/filter.go:80.34,82.10 1 0
airmouse-go/internal/particlefilter/filter.go:83.9,85.91 3 0
airmouse-go/internal/particlefilter/filter.go:87.5,87.31 1 0
airmouse-go/internal/particlefilter/filter.go:90.51,93.35 3 0
airmouse-go/internal/particlefilter/filter.go:93.35,94.33 1 0
airmouse-go/internal/particlefilter/filter.go:94.33,97.10 2 0
airmouse-go/internal/particlefilter/filter.go:99.5,99.52 1 0
airmouse-go/internal/particlefilter/recognizer.go:22.34,28.2 1 0
airmouse-go/internal/particlefilter/recognizer.go:30.42,36.2 1 0
airmouse-go/internal/particlefilter/recognizer.go:38.48,42.38 4 0
airmouse-go/internal/particlefilter/recognizer.go:42.38,44.6 1 0
airmouse-go/internal/particlefilter/recognizer.go:45.5,46.28 2 0
airmouse-go/internal/particlefilter/recognizer.go:49.72,52.28 3 0
airmouse-go/internal/particlefilter/recognizer.go:52.28,54.6 1 0
airmouse-go/internal/particlefilter/recognizer.go:55.5,57.34 3 0
airmouse-go/internal/particlefilter/recognizer.go:57.34,59.45 2 0
airmouse-go/internal/particlefilter/recognizer.go:59.45,62.10 2 0
airmouse-go/internal/particlefilter/recognizer.go:64.5,64.34 1 0
airmouse-go/internal/particlefilter/recognizer.go:67.66,68.48 1 0
airmouse-go/internal/particlefilter/recognizer.go:68.48,70.6 1 0
airmouse-go/internal/particlefilter/recognizer.go:71.5,72.41 2 0
airmouse-go/internal/particlefilter/recognizer.go:72.41,77.6 4 0
airmouse-go/internal/particlefilter/recognizer.go:78.5,78.87 1 0
airmouse-go/internal/particlefilter/test.go:5.31,7.26 2 0
airmouse-go/internal/particlefilter/test.go:7.26,10.3 2 0
airmouse-go/internal/particlefilter/test.go:11.2,12.45 2 0
airmouse-go/internal/particlefilter/test.go:15.35,17.26 2 0
airmouse-go/internal/particlefilter/test.go:17.26,19.3 1 0
airmouse-go/internal/particlefilter/test.go:20.2,21.23 2 0
airmouse-go/internal/particlefilter/test.go:21.23,23.3 1 0
airmouse-go/internal/particlefilter/test.go:24.2,24.52 1 0
airmouse-go/internal/predictive/kalman2d.go:13.52,47.2 8 0
airmouse-go/internal/predictive/kalman2d.go:49.37,51.25 2 0
airmouse-go/internal/predictive/kalman2d.go:51.25,53.26 2 0
airmouse-go/internal/predictive/kalman2d.go:53.26,55.4 1 0
airmouse-go/internal/predictive/kalman2d.go:56.3,56.16 1 0
airmouse-go/internal/predictive/kalman2d.go:58.2,61.25 3 0
airmouse-go/internal/predictive/kalman2d.go:61.25,62.26 1 0
airmouse-go/internal/predictive/kalman2d.go:62.26,64.27 2 0
airmouse-go/internal/predictive/kalman2d.go:64.27,66.5 1 0
airmouse-go/internal/predictive/kalman2d.go:67.4,67.18 1 0
airmouse-go/internal/predictive/kalman2d.go:70.2,71.25 2 0
airmouse-go/internal/predictive/kalman2d.go:71.25,72.26 1 0
airmouse-go/internal/predictive/kalman2d.go:72.26,74.27 2 0
airmouse-go/internal/predictive/kalman2d.go:74.27,76.5 1 0
airmouse-go/internal/predictive/kalman2d.go:77.4,77.33 1 0
airmouse-go/internal/predictive/kalman2d.go:80.2,80.13 1 0
airmouse-go/internal/predictive/kalman2d.go:83.50,86.25 3 0
airmouse-go/internal/predictive/kalman2d.go:86.25,88.26 2 0
airmouse-go/internal/predictive/kalman2d.go:88.26,90.4 1 0
airmouse-go/internal/predictive/kalman2d.go:91.3,91.14 1 0
airmouse-go/internal/predictive/kalman2d.go:93.2,96.25 3 0
airmouse-go/internal/predictive/kalman2d.go:96.25,97.26 1 0
airmouse-go/internal/predictive/kalman2d.go:97.26,99.27 2 0
airmouse-go/internal/predictive/kalman2d.go:99.27,101.5 1 0
airmouse-go/internal/predictive/kalman2d.go:102.4,102.18 1 0
airmouse-go/internal/predictive/kalman2d.go:105.2,106.25 2 0
airmouse-go/internal/predictive/kalman2d.go:106.25,107.26 1 0
airmouse-go/internal/predictive/kalman2d.go:107.26,109.27 2 0
airmouse-go/internal/predictive/kalman2d.go:109.27,111.5 1 0
airmouse-go/internal/predictive/kalman2d.go:112.4,112.30 1 0
airmouse-go/internal/predictive/kalman2d.go:116.2,117.25 2 0
airmouse-go/internal/predictive/kalman2d.go:117.25,119.3 1 0
airmouse-go/internal/predictive/kalman2d.go:120.2,121.25 2 0
airmouse-go/internal/predictive/kalman2d.go:121.25,122.26 1 0
airmouse-go/internal/predictive/kalman2d.go:122.26,124.27 2 0
airmouse-go/internal/predictive/kalman2d.go:124.27,126.5 1 0
airmouse-go/internal/predictive/kalman2d.go:127.4,127.17 1 0
airmouse-go/internal/predictive/kalman2d.go:130.2,130.25 1 0
airmouse-go/internal/predictive/kalman2d.go:130.25,132.26 2 0
airmouse-go/internal/predictive/kalman2d.go:132.26,134.4 1 0
airmouse-go/internal/predictive/kalman2d.go:135.3,135.17 1 0
airmouse-go/internal/predictive/kalman2d.go:137.2,138.25 2 0
airmouse-go/internal/predictive/kalman2d.go:138.25,139.26 1 0
airmouse-go/internal/predictive/kalman2d.go:139.26,141.27 2 0
airmouse-go/internal/predictive/kalman2d.go:141.27,143.5 1 0
airmouse-go/internal/predictive/kalman2d.go:144.4,144.18 1 0
airmouse-go/internal/predictive/kalman2d.go:147.2,148.25 2 0
airmouse-go/internal/predictive/kalman2d.go:148.25,149.26 1 0
airmouse-go/internal/predictive/kalman2d.go:149.26,151.4 1 0
airmouse-go/internal/predictive/kalman2d.go:153.2,153.13 1 0
airmouse-go/internal/predictive/kalman2d.go:156.67,160.2 3 0
airmouse-go/internal/predictive/kalman2d.go:162.61,164.2 1 0
airmouse-go/internal/predictive/kalman2d.go:166.35,174.2 2 0
airmouse-go/internal/predictive/kalman2d.go:177.45,181.2 3 0
airmouse-go/internal/predictive/test.go:8.48,10.27 2 0
airmouse-go/internal/predictive/test.go:10.27,13.3 2 0
airmouse-go/internal/predictive/test.go:14.2,15.29 2 0
airmouse-go/internal/predictive/test.go:15.29,17.3 1 0
airmouse-go/internal/predictive/test.go:18.2,18.29 1 0
airmouse-go/internal/predictive/test.go:18.29,20.3 1 0
airmouse-go/internal/predictiveml/predictor.go:28.51,29.55 1 0
airmouse-go/internal/predictiveml/predictor.go:29.55,31.6 1 0
airmouse-go/internal/predictiveml/predictor.go:32.5,34.19 3 0
airmouse-go/internal/predictiveml/predictor.go:34.19,36.6 1 0
airmouse-go/internal/predictiveml/predictor.go:37.5,39.19 3 0
airmouse-go/internal/predictiveml/predictor.go:39.19,41.6 1 0
airmouse-go/internal/predictiveml/predictor.go:42.5,50.19 2 0
airmouse-go/internal/predictiveml/predictor.go:50.19,52.6 1 0
airmouse-go/internal/predictiveml/predictor.go:53.5,61.11 1 0
airmouse-go/internal/predictiveml/predictor.go:64.44,67.19 3 0
airmouse-go/internal/predictiveml/predictor.go:67.19,69.6 1 0
airmouse-go/internal/predictiveml/predictor.go:70.5,72.38 3 0
airmouse-go/internal/predictiveml/predictor.go:72.38,74.6 1 0
airmouse-go/internal/predictiveml/predictor.go:77.64,80.52 3 0
airmouse-go/internal/predictiveml/predictor.go:80.52,82.6 1 0
airmouse-go/internal/predictiveml/predictor.go:83.5,84.37 2 0
airmouse-go/internal/predictiveml/predictor.go:84.37,87.6 2 0
airmouse-go/internal/predictiveml/predictor.go:88.5,89.43 2 0
airmouse-go/internal/predictiveml/predictor.go:89.43,91.6 1 0
airmouse-go/internal/predictiveml/predictor.go:92.5,93.24 2 0
airmouse-go/internal/predictiveml/predictor.go:93.24,95.6 1 0
airmouse-go/internal/predictiveml/predictor.go:96.5,96.37 1 0
airmouse-go/internal/predictiveml/predictor.go:99.46,103.2 3 0
airmouse-go/internal/predictiveml/predictor.go:105.52,109.2 3 0
airmouse-go/internal/predictiveml/predictor.go:111.35,112.25 1 0
airmouse-go/internal/predictiveml/predictor.go:112.25,114.6 1 0
airmouse-go/internal/predictiveml/predictor.go:115.5,116.15 2 0
airmouse-go/internal/predictiveml/trainer.go:25.90,36.2 3 0
airmouse-go/internal/predictiveml/trainer.go:38.49,42.32 4 0
airmouse-go/internal/predictiveml/trainer.go:42.32,46.10 4 0
airmouse-go/internal/predictiveml/trainer.go:47.34,47.34 0 0
airmouse-go/internal/predictiveml/trainer.go:48.11,48.11 0 0
airmouse-go/internal/predictiveml/trainer.go:53.44,54.6 1 0
airmouse-go/internal/predictiveml/trainer.go:54.6,55.10 1 0
airmouse-go/internal/predictiveml/trainer.go:56.36,57.26 1 0
airmouse-go/internal/predictiveml/trainer.go:58.21,59.10 1 0
airmouse-go/internal/predictiveml/trainer.go:64.55,70.2 3 0
airmouse-go/internal/predictiveml/trainer.go:72.32,74.2 1 0
airmouse-go/internal/pkg/config/config.go:24.26,25.17 1 0
airmouse-go/internal/pkg/config/config.go:25.17,27.3 1 0
airmouse-go/internal/pkg/config/config.go:28.2,28.17 1 0
airmouse-go/internal/pkg/config/config.go:31.36,40.48 8 0
airmouse-go/internal/pkg/config/config.go:40.48,42.3 1 0
airmouse-go/internal/pkg/config/config.go:43.2,43.12 1 0
airmouse-go/internal/pkg/config/config.go:46.37,50.16 4 0
airmouse-go/internal/pkg/config/config.go:50.16,52.3 1 0
airmouse-go/internal/pkg/config/config.go:53.2,53.39 1 0
airmouse-go/internal/protocol/usb/server.go:37.82,43.2 1 0
airmouse-go/internal/protocol/usb/server.go:45.32,50.2 4 0
airmouse-go/internal/protocol/usb/server.go:52.36,54.16 2 0
airmouse-go/internal/protocol/usb/server.go:54.16,55.30 1 0
airmouse-go/internal/protocol/usb/server.go:55.30,57.4 1 0
airmouse-go/internal/protocol/usb/server.go:58.3,58.30 1 0
airmouse-go/internal/protocol/usb/server.go:62.46,66.12 4 0
airmouse-go/internal/protocol/usb/server.go:66.12,68.3 1 0
airmouse-go/internal/protocol/usb/server.go:69.2,70.16 2 0
airmouse-go/internal/protocol/usb/server.go:70.16,72.3 1 0
airmouse-go/internal/protocol/usb/server.go:73.2,84.24 7 0
airmouse-go/internal/protocol/usb/server.go:87.50,88.33 1 0
airmouse-go/internal/protocol/usb/server.go:88.33,90.17 2 0
airmouse-go/internal/protocol/usb/server.go:90.17,91.9 1 0
airmouse-go/internal/protocol/usb/server.go:93.3,94.60 2 0
airmouse-go/internal/protocol/usb/server.go:94.60,95.12 1 0
airmouse-go/internal/protocol/usb/server.go:97.3,97.30 1 0
airmouse-go/internal/protocol/usb/server.go:99.2,104.40 6 0
airmouse-go/internal/protocol/usb/server.go:107.69,108.18 1 0
airmouse-go/internal/protocol/usb/server.go:109.14,111.57 2 0
airmouse-go/internal/protocol/usb/server.go:111.57,113.4 1 0
airmouse-go/internal/protocol/usb/server.go:114.15,115.24 1 0
airmouse-go/internal/protocol/usb/server.go:116.20,117.25 1 0
airmouse-go/internal/protocol/usb/server.go:118.21,119.24 1 0
airmouse-go/internal/protocol/usb/server.go:120.16,122.57 2 0
airmouse-go/internal/protocol/usb/server.go:122.57,124.4 1 0
airmouse-go/internal/protocol/usb/server.go:128.25,131.32 3 0
airmouse-go/internal/protocol/usb/server.go:131.32,133.3 1 0
airmouse-go/internal/protocol/usb/server.go:134.2,136.44 3 0
airmouse-go/internal/protocol/usb/server.go:139.52,143.2 3 0
airmouse-go/internal/protocol/udp/server.go:20.61,22.2 1 1
airmouse-go/internal/protocol/udp/server.go:24.32,27.16 3 0
airmouse-go/internal/protocol/udp/server.go:27.16,29.3 1 0
airmouse-go/internal/protocol/udp/server.go:30.2,34.12 5 0
airmouse-go/internal/protocol/udp/server.go:37.31,39.16 2 0
airmouse-go/internal/protocol/udp/server.go:39.16,42.17 3 0
airmouse-go/internal/protocol/udp/server.go:42.17,43.12 1 0
airmouse-go/internal/protocol/udp/server.go:45.3,46.33 2 0
airmouse-go/internal/protocol/udp/server.go:46.33,55.4 4 0
airmouse-go/internal/protocol/udp/server.go:59.25,61.19 2 0
airmouse-go/internal/protocol/udp/server.go:61.19,63.3 1 0
airmouse-go/internal/protocol/udp/server.go:66.52,68.2 1 1
airmouse-go/internal/protocol/udp/server.go:70.26,72.16 2 1
airmouse-go/internal/protocol/udp/server.go:72.16,74.3 1 0
airmouse-go/internal/protocol/udp/server.go:75.2,75.29 1 1
airmouse-go/internal/protocol/udp/server.go:75.29,76.92 1 1
airmouse-go/internal/protocol/udp/server.go:76.92,78.4 1 1
airmouse-go/internal/protocol/udp/server.go:80.2,80.20 1 0
airmouse-go/internal/repository/config/config.go:37.21,38.17 1 0
airmouse-go/internal/repository/config/config.go:38.17,40.3 1 0
airmouse-go/internal/repository/config/config.go:41.2,41.17 1 0
airmouse-go/internal/repository/config/config.go:44.30,68.48 3 0
airmouse-go/internal/repository/config/config.go:68.48,70.3 1 0
airmouse-go/internal/repository/config/config.go:71.2,71.12 1 0
airmouse-go/internal/repository/config/config.go:74.31,122.16 5 0
airmouse-go/internal/repository/config/config.go:122.16,124.3 1 0
airmouse-go/internal/repository/config/config.go:125.2,125.74 1 0
airmouse-go/internal/repository/config/config.go:125.74,127.3 1 0
airmouse-go/internal/repository/config/config.go:128.2,128.51 1 0
airmouse-go/internal/repository/config/config.go:131.29,134.2 2 0
airmouse-go/internal/repository/config/config.go:136.44,141.2 4 0
airmouse-go/internal/repository/config/config.go:143.53,148.2 4 0
airmouse-go/internal/repository/config/config.go:150.59,155.2 4 0
airmouse-go/internal/proximity/manager.go:37.28,45.2 3 0
airmouse-go/internal/proximity/manager.go:47.46,48.70 1 0
airmouse-go/internal/proximity/manager.go:48.70,52.3 3 0
airmouse-go/internal/proximity/manager.go:53.2,53.50 1 0
airmouse-go/internal/proximity/manager.go:53.50,56.3 2 0
airmouse-go/internal/proximity/manager.go:57.2,57.65 1 0
airmouse-go/internal/proximity/manager.go:57.65,60.3 2 0
airmouse-go/internal/proximity/manager.go:61.2,61.53 1 0
airmouse-go/internal/proximity/manager.go:61.53,64.3 2 0
airmouse-go/internal/proximity/manager.go:65.2,65.61 1 0
airmouse-go/internal/proximity/manager.go:68.57,72.13 4 0
airmouse-go/internal/proximity/manager.go:72.13,79.3 2 0
airmouse-go/internal/proximity/manager.go:80.2,83.16 4 0
airmouse-go/internal/proximity/manager.go:83.16,85.3 1 0
airmouse-go/internal/proximity/manager.go:85.8,87.3 1 0
airmouse-go/internal/proximity/manager.go:88.2,88.27 1 0
airmouse-go/internal/proximity/manager.go:88.27,91.3 2 0
airmouse-go/internal/proximity/manager.go:94.53,95.58 1 0
airmouse-go/internal/proximity/manager.go:95.58,97.16 2 0
airmouse-go/internal/proximity/manager.go:97.16,97.46 1 0
airmouse-go/internal/proximity/manager.go:98.3,98.19 1 0
airmouse-go/internal/proximity/manager.go:99.8,99.62 1 0
airmouse-go/internal/proximity/manager.go:99.62,101.16 2 0
airmouse-go/internal/proximity/manager.go:101.16,101.44 1 0
airmouse-go/internal/proximity/manager.go:102.3,102.17 1 0
airmouse-go/internal/proximity/manager.go:106.32,107.21 1 0
airmouse-go/internal/proximity/manager.go:107.21,109.3 1 0
airmouse-go/internal/proximity/manager.go:110.2,110.66 1 0
airmouse-go/internal/proximity/manager.go:110.66,112.3 1 0
airmouse-go/internal/proximity/manager.go:112.8,114.3 1 0
airmouse-go/internal/proximity/manager.go:117.34,118.23 1 0
airmouse-go/internal/proximity/manager.go:118.23,120.3 1 0
airmouse-go/internal/proximity/manager.go:121.2,121.68 1 0
airmouse-go/internal/proximity/manager.go:121.68,123.3 1 0
airmouse-go/internal/proximity/manager.go:123.8,125.3 1 0
airmouse-go/internal/proximity/manager.go:128.69,131.40 3 0
airmouse-go/internal/proximity/manager.go:131.40,134.3 2 0
airmouse-go/internal/proximity/manager.go:137.47,139.2 1 0
airmouse-go/internal/proximity/manager.go:141.49,143.2 1 0
airmouse-go/internal/proximity/manager.go:145.71,149.2 3 0
airmouse-go/internal/repository/client_repository_impl.go:16.56,20.2 1 0
airmouse-go/internal/repository/client_repository_impl.go:22.65,27.2 4 0
airmouse-go/internal/repository/client_repository_impl.go:29.56,34.2 4 0
airmouse-go/internal/repository/client_repository_impl.go:36.71,40.2 3 0
airmouse-go/internal/repository/client_repository_impl.go:42.79,45.30 3 0
airmouse-go/internal/repository/client_repository_impl.go:45.30,46.21 1 0
airmouse-go/internal/repository/client_repository_impl.go:46.21,48.4 1 0
airmouse-go/internal/repository/client_repository_impl.go:50.2,50.17 1 0
airmouse-go/internal/repository/client_repository_impl.go:53.65,57.30 4 0
airmouse-go/internal/repository/client_repository_impl.go:57.30,59.3 1 0
airmouse-go/internal/repository/client_repository_impl.go:60.2,60.18 1 0
airmouse-go/internal/repository/client_repository_impl.go:63.99,67.30 4 0
airmouse-go/internal/repository/client_repository_impl.go:67.30,68.25 1 0
airmouse-go/internal/repository/client_repository_impl.go:68.25,70.4 1 0
airmouse-go/internal/repository/client_repository_impl.go:72.2,72.18 1 0
airmouse-go/internal/repository/client_repository_impl.go:75.53,79.2 3 0
airmouse-go/internal/repository/client_repository_impl.go:81.66,84.32 3 0
airmouse-go/internal/repository/client_repository_impl.go:84.32,86.3 1 0
airmouse-go/internal/repository/client_repository_impl.go:87.2,87.12 1 0
airmouse-go/internal/repository/client_repository_impl.go:90.80,93.32 3 0
airmouse-go/internal/repository/client_repository_impl.go:93.32,95.3 1 0
airmouse-go/internal/repository/client_repository_impl.go:96.2,96.12 1 0
airmouse-go/internal/repository/client_repository_impl.go:99.79,102.32 3 0
airmouse-go/internal/repository/client_repository_impl.go:102.32,104.3 1 0
airmouse-go/internal/repository/client_repository_impl.go:105.2,105.12 1 0
airmouse-go/internal/repository/client_repository_impl.go:108.90,111.32 3 0
airmouse-go/internal/repository/client_repository_impl.go:111.32,113.3 1 0
airmouse-go/internal/repository/client_repository_impl.go:114.2,114.12 1 0
airmouse-go/internal/repository/client_repository_impl.go:117.82,121.31 4 0
airmouse-go/internal/repository/client_repository_impl.go:121.31,122.41 1 0
airmouse-go/internal/repository/client_repository_impl.go:122.41,125.4 2 0
airmouse-go/internal/repository/client_repository_impl.go:127.2,127.21 1 0
airmouse-go/internal/repository/client_repository_impl.go:130.64,135.2 4 0
airmouse-go/internal/repository/gesture_repository_impl.go:16.58,20.2 1 0
airmouse-go/internal/repository/gesture_repository_impl.go:22.86,23.42 1 0
airmouse-go/internal/repository/gesture_repository_impl.go:23.42,25.3 1 0
airmouse-go/internal/repository/gesture_repository_impl.go:26.2,29.12 4 0
airmouse-go/internal/repository/gesture_repository_impl.go:32.95,35.40 3 0
airmouse-go/internal/repository/gesture_repository_impl.go:35.40,37.3 1 0
airmouse-go/internal/repository/gesture_repository_impl.go:38.2,38.32 1 0
airmouse-go/internal/repository/gesture_repository_impl.go:38.32,39.25 1 0
airmouse-go/internal/repository/gesture_repository_impl.go:39.25,41.4 1 0
airmouse-go/internal/repository/gesture_repository_impl.go:43.2,43.17 1 0
airmouse-go/internal/repository/gesture_repository_impl.go:46.113,50.32 4 0
airmouse-go/internal/repository/gesture_repository_impl.go:50.32,51.47 1 0
airmouse-go/internal/repository/gesture_repository_impl.go:51.47,53.4 1 0
airmouse-go/internal/repository/gesture_repository_impl.go:55.2,55.18 1 0
airmouse-go/internal/repository/gesture_repository_impl.go:58.65,63.2 4 0
airmouse-go/internal/repository/gesture_repository_impl.go:65.94,69.33 4 0
airmouse-go/internal/repository/gesture_repository_impl.go:69.33,70.28 1 0
airmouse-go/internal/repository/gesture_repository_impl.go:70.28,73.4 2 0
airmouse-go/internal/repository/gesture_repository_impl.go:75.2,75.21 1 0
airmouse-go/internal/repository/gesture_repository_impl.go:78.75,81.32 3 0
airmouse-go/internal/repository/gesture_repository_impl.go:81.32,82.21 1 0
airmouse-go/internal/repository/gesture_repository_impl.go:82.21,84.4 1 0
airmouse-go/internal/repository/gesture_repository_impl.go:86.2,86.19 1 0
airmouse-go/internal/repository/gesture_repository_impl.go:89.54,93.2 3 0
airmouse-go/internal/repository/gesture_repository_impl.go:95.98,99.9 4 0
airmouse-go/internal/repository/gesture_repository_impl.go:99.9,101.3 1 0
airmouse-go/internal/repository/gesture_repository_impl.go:102.2,102.23 1 0
airmouse-go/internal/repository/gesture_repository_impl.go:102.23,104.3 1 0
airmouse-go/internal/repository/gesture_repository_impl.go:105.2,105.29 1 0
airmouse-go/internal/repository/gesture_repository_impl.go:105.29,107.3 1 0
airmouse-go/internal/repository/gesture_repository_impl.go:108.2,108.12 1 0
airmouse-go/internal/repository/mouse_repository_impl.go:24.80,30.2 1 0
airmouse-go/internal/repository/mouse_repository_impl.go:32.58,37.2 4 0
airmouse-go/internal/repository/mouse_repository_impl.go:39.87,41.27 1 0
airmouse-go/internal/repository/mouse_repository_impl.go:41.27,43.3 1 0
airmouse-go/internal/repository/mouse_repository_impl.go:44.2,44.12 1 0
airmouse-go/internal/repository/mouse_repository_impl.go:47.70,51.2 3 0
airmouse-go/internal/repository/mouse_repository_impl.go:53.51,57.2 3 0
airmouse-go/internal/repository/mouse_repository_impl.go:59.82,60.44 1 0
airmouse-go/internal/repository/mouse_repository_impl.go:60.44,62.3 1 0
airmouse-go/internal/repository/mouse_repository_impl.go:63.2,63.24 1 0
airmouse-go/internal/repository/mouse_repository_impl.go:66.55,71.2 4 0
airmouse-go/internal/repository/mouse_repository_impl.go:73.63,76.2 1 0
airmouse-go/internal/repository/mouse_repository_impl.go:78.59,81.2 1 0
airmouse-go/internal/repository/mouse_repository_impl.go:83.85,85.2 1 0
airmouse-go/internal/repository/mouse_repository_impl.go:87.89,90.2 2 0
airmouse-go/internal/repository/mouse_repository_impl.go:92.75,102.2 1 0
airmouse-go/internal/repository/mouse_repository_impl.go:104.55,113.2 8 0
airmouse-go/internal/sensorfusion/madgwick.go:11.60,17.2 1 0
airmouse-go/internal/sensorfusion/madgwick.go:19.61,20.40 1 0
airmouse-go/internal/sensorfusion/madgwick.go:20.40,22.6 1 0
airmouse-go/internal/sensorfusion/madgwick.go:23.5,27.21 4 0
airmouse-go/internal/sensorfusion/madgwick.go:27.21,29.6 1 0
airmouse-go/internal/sensorfusion/madgwick.go:30.5,33.36 3 0
airmouse-go/internal/sensorfusion/madgwick.go:33.36,35.25 2 0
airmouse-go/internal/sensorfusion/madgwick.go:35.25,37.10 1 0
airmouse-go/internal/sensorfusion/madgwick.go:41.5,55.19 14 0
airmouse-go/internal/sensorfusion/madgwick.go:55.19,60.24 5 0
airmouse-go/internal/sensorfusion/madgwick.go:60.24,64.10 3 0
airmouse-go/internal/sensorfusion/madgwick.go:65.9,85.39 21 0
airmouse-go/internal/sensorfusion/madgwick.go:88.5,89.18 2 0
airmouse-go/internal/sensorfusion/madgwick.go:89.18,91.6 1 0
airmouse-go/internal/sensorfusion/madgwick.go:94.5,108.20 13 0
airmouse-go/internal/sensorfusion/madgwick.go:111.53,111.67 1 0
airmouse-go/internal/sensorfusion/madgwick.go:112.52,112.76 1 0
airmouse-go/internal/sensorfusion/madgwick.go:113.53,113.97 1 0
airmouse-go/internal/sensorfusion/mahony.go:12.56,19.2 1 0
airmouse-go/internal/sensorfusion/mahony.go:21.49,21.72 1 0
airmouse-go/internal/sensorfusion/mahony.go:23.59,24.40 1 0
airmouse-go/internal/sensorfusion/mahony.go:24.40,26.6 1 0
airmouse-go/internal/sensorfusion/mahony.go:27.5,31.21 4 0
airmouse-go/internal/sensorfusion/mahony.go:31.21,33.6 1 0
airmouse-go/internal/sensorfusion/mahony.go:34.5,44.36 8 0
airmouse-go/internal/sensorfusion/mahony.go:44.36,46.24 2 0
airmouse-go/internal/sensorfusion/mahony.go:46.24,59.10 12 0
airmouse-go/internal/sensorfusion/mahony.go:62.5,62.17 1 0
airmouse-go/internal/sensorfusion/mahony.go:62.17,66.6 3 0
airmouse-go/internal/sensorfusion/mahony.go:67.5,67.17 1 0
airmouse-go/internal/sensorfusion/mahony.go:67.17,74.6 6 0
airmouse-go/internal/sensorfusion/mahony.go:76.5,89.20 12 0
airmouse-go/internal/sensorfusion/mahony.go:92.51,92.65 1 0
airmouse-go/internal/sensorfusion/mahony.go:93.50,93.74 1 0
airmouse-go/internal/sensorfusion/mahony.go:94.32,97.2 2 0
airmouse-go/internal/sensorfusion/quaternion.go:9.34,11.18 2 0
airmouse-go/internal/sensorfusion/quaternion.go:11.18,14.6 2 0
airmouse-go/internal/sensorfusion/quaternion.go:15.5,19.19 5 0
airmouse-go/internal/sensorfusion/quaternion.go:26.44,33.28 6 0
airmouse-go/internal/sensorfusion/quaternion.go:33.28,35.6 1 0
airmouse-go/internal/sensorfusion/quaternion.go:35.11,37.6 1 0
airmouse-go/internal/sensorfusion/quaternion.go:39.5,47.6 4 0
airmouse-go/internal/sensorfusion/test.go:8.33,12.28 4 0
airmouse-go/internal/sensorfusion/test.go:12.28,14.3 1 0
airmouse-go/internal/sensorfusion/test.go:15.2,16.28 2 0
airmouse-go/internal/sensorfusion/test.go:16.28,18.3 1 0
airmouse-go/internal/sensorfusion/test.go:21.31,25.28 4 0
airmouse-go/internal/sensorfusion/test.go:25.28,27.3 1 0
airmouse-go/internal/sensorfusion/test.go:28.2,29.29 2 0
airmouse-go/internal/sensorfusion/test.go:29.29,31.3 1 0
airmouse-go/internal/sensorfusion/test.go:34.35,37.47 3 0
airmouse-go/internal/sensorfusion/test.go:37.47,39.3 1 0
airmouse-go/internal/sysaction/action.go:27.24,28.14 1 0
airmouse-go/internal/sysaction/action.go:29.26,30.35 1 0
airmouse-go/internal/sysaction/action.go:31.26,32.29 1 0
airmouse-go/internal/sysaction/action.go:33.26,34.29 1 0
airmouse-go/internal/sysaction/action.go:35.25,36.31 1 0
airmouse-go/internal/sysaction/action.go:37.27,38.33 1 0
airmouse-go/internal/sysaction/action.go:39.21,40.29 1 0
airmouse-go/internal/sysaction/action.go:41.21,42.29 1 0
airmouse-go/internal/sysaction/action.go:43.26,44.27 1 0
airmouse-go/internal/sysaction/action.go:45.27,46.28 1 0
airmouse-go/internal/sysaction/action.go:47.28,48.27 1 0
airmouse-go/internal/sysaction/action.go:49.25,50.23 1 0
airmouse-go/internal/sysaction/action.go:51.27,52.24 1 0
airmouse-go/internal/sysaction/action.go:53.27,54.21 1 0
airmouse-go/internal/sysaction/action.go:55.13,55.13 0 0
airmouse-go/internal/sysaction/darwin.go:9.25,15.2 3 0
airmouse-go/internal/sysaction/darwin.go:17.30,19.2 0 0
airmouse-go/internal/sysaction/darwin.go:21.26,21.27 0 0
airmouse-go/internal/sysaction/darwin.go:23.30,23.31 0 0
airmouse-go/internal/sysaction/darwin.go:25.19,28.2 2 0
airmouse-go/internal/ui/about.go:10.42,19.2 2 0
airmouse-go/internal/ui/analytics.go:21.82,26.20 4 0
airmouse-go/internal/ui/analytics.go:26.20,27.27 1 0
airmouse-go/internal/ui/analytics.go:27.27,31.4 3 0
airmouse-go/internal/ui/analytics.go:32.3,34.20 3 0
airmouse-go/internal/ui/analytics.go:34.20,36.4 1 0
airmouse-go/internal/ui/analytics.go:36.9,38.4 1 0
airmouse-go/internal/ui/analytics.go:40.2,43.62 3 0
airmouse-go/internal/ui/analytics.go:43.62,44.27 1 0
airmouse-go/internal/ui/analytics.go:44.27,47.14 3 0
airmouse-go/internal/ui/analytics.go:47.14,51.5 3 0
airmouse-go/internal/ui/analytics.go:55.2,61.3 1 0
airmouse-go/internal/ui/app.go:31.129,34.29 3 0
airmouse-go/internal/ui/app.go:34.29,36.6 1 0
airmouse-go/internal/ui/app.go:37.5,43.6 1 0
airmouse-go/internal/ui/app.go:46.27,69.49 11 0
airmouse-go/internal/ui/app.go:69.49,69.69 1 0
airmouse-go/internal/ui/app.go:70.48,70.67 1 0
airmouse-go/internal/ui/app.go:72.41,72.61 1 0
airmouse-go/internal/ui/app.go:74.5,75.44 1 0
airmouse-go/internal/ui/app.go:75.44,75.76 1 0
airmouse-go/internal/ui/app.go:77.5,78.42 1 0
airmouse-go/internal/ui/app.go:78.42,78.71 1 0
airmouse-go/internal/ui/app.go:79.46,79.79 1 0
airmouse-go/internal/ui/app.go:81.5,86.15 5 0
airmouse-go/internal/ui/app.go:89.22,89.42 1 0
airmouse-go/internal/ui/app.go:91.41,97.2 1 0
airmouse-go/internal/ui/charts.go:21.40,29.2 4 0
airmouse-go/internal/ui/charts.go:31.32,32.6 1 0
airmouse-go/internal/ui/charts.go:32.6,39.3 4 0
airmouse-go/internal/ui/charts.go:42.46,43.35 1 0
airmouse-go/internal/ui/charts.go:43.35,45.3 1 0
airmouse-go/internal/ui/charts.go:46.2,46.38 1 0
airmouse-go/internal/ui/charts.go:49.31,51.25 2 0
airmouse-go/internal/ui/charts.go:51.25,53.3 1 0
airmouse-go/internal/ui/charts.go:54.2,56.31 3 0
airmouse-go/internal/ui/charts.go:56.31,58.3 1 0
airmouse-go/internal/ui/charts.go:59.2,61.30 3 0
airmouse-go/internal/ui/charts.go:61.30,62.19 1 0
airmouse-go/internal/ui/charts.go:62.19,64.4 1 0
airmouse-go/internal/ui/charts.go:66.2,66.19 1 0
airmouse-go/internal/ui/charts.go:66.19,68.3 1 0
airmouse-go/internal/ui/charts.go:70.2,70.38 1 0
airmouse-go/internal/ui/charts.go:70.38,80.3 9 0
airmouse-go/internal/ui/charts.go:81.2,81.23 1 0
airmouse-go/internal/ui/connection.go:21.60,31.2 5 0
airmouse-go/internal/ui/connection.go:34.73,37.16 3 0
airmouse-go/internal/ui/connection.go:37.16,40.3 2 0
airmouse-go/internal/ui/connection.go:40.8,40.23 1 0
airmouse-go/internal/ui/connection.go:40.23,43.3 2 0
airmouse-go/internal/ui/connection.go:43.8,46.3 2 0
airmouse-go/internal/ui/connection.go:47.2,47.17 1 0
airmouse-go/internal/ui/connection.go:47.17,49.3 1 0
airmouse-go/internal/ui/connection.go:50.2,50.23 1 0
airmouse-go/internal/ui/connection.go:54.62,56.2 1 0
airmouse-go/internal/ui/dashboard.go:39.131,51.73 8 0
airmouse-go/internal/ui/dashboard.go:51.73,52.46 1 0
airmouse-go/internal/ui/dashboard.go:52.46,62.38 10 0
airmouse-go/internal/ui/dashboard.go:62.38,64.14 1 0
airmouse-go/internal/ui/dashboard.go:64.19,66.14 1 0
airmouse-go/internal/ui/dashboard.go:69.5,69.71 1 0
airmouse-go/internal/ui/dashboard.go:69.71,76.6 6 0
airmouse-go/internal/ui/dashboard.go:77.5,80.70 2 0
airmouse-go/internal/ui/dashboard.go:80.70,82.6 1 0
airmouse-go/internal/ui/dashboard.go:85.5,85.15 1 0
airmouse-go/internal/ui/dashboard.go:85.15,86.13 1 0
airmouse-go/internal/ui/dashboard.go:86.13,90.28 4 0
airmouse-go/internal/ui/dashboard.go:90.28,94.46 4 0
airmouse-go/internal/ui/dashboard.go:94.46,97.18 2 0
airmouse-go/internal/ui/dashboard.go:98.17,98.32 1 0
airmouse-go/internal/ui/dashboard.go:103.5,115.6 1 0
airmouse-go/internal/ui/dashboard.go:118.44,123.19 5 0
airmouse-go/internal/ui/dashboard.go:123.19,126.6 2 0
airmouse-go/internal/ui/dashboard.go:127.5,128.19 2 0
airmouse-go/internal/ui/dashboard.go:128.19,131.6 2 0
airmouse-go/internal/ui/dashboard.go:132.5,139.42 4 0
airmouse-go/internal/ui/dashboard.go:139.42,139.58 1 0
airmouse-go/internal/ui/dashboard.go:141.5,143.17 3 0
airmouse-go/internal/ui/devices.go:21.65,28.20 2 0
airmouse-go/internal/ui/devices.go:28.20,28.47 1 0
airmouse-go/internal/ui/devices.go:29.34,29.72 1 0
airmouse-go/internal/ui/devices.go:30.45,31.38 1 0
airmouse-go/internal/ui/devices.go:31.38,34.14 2 0
airmouse-go/internal/ui/devices.go:37.5,37.40 1 0
airmouse-go/internal/ui/devices.go:37.40,38.45 1 0
airmouse-go/internal/ui/devices.go:38.45,45.10 2 0
airmouse-go/internal/ui/devices.go:49.5,49.15 1 0
airmouse-go/internal/ui/devices.go:49.15,50.13 1 0
airmouse-go/internal/ui/devices.go:50.13,53.28 3 0
airmouse-go/internal/ui/devices.go:53.28,56.14 2 0
airmouse-go/internal/ui/devices.go:60.5,69.6 3 0
airmouse-go/internal/ui/gestures.go:15.41,20.20 2 0
airmouse-go/internal/ui/gestures.go:20.20,20.49 1 0
airmouse-go/internal/ui/gestures.go:21.34,21.72 1 0
airmouse-go/internal/ui/gestures.go:22.45,24.10 1 0
airmouse-go/internal/ui/gestures.go:26.5,26.40 1 0
airmouse-go/internal/ui/gestures.go:26.40,26.61 1 0
airmouse-go/internal/ui/gestures.go:28.5,28.61 1 0
airmouse-go/internal/ui/gestures.go:28.61,29.67 1 0
airmouse-go/internal/ui/gestures.go:29.67,32.10 2 0
airmouse-go/internal/ui/gestures.go:34.5,34.61 1 0
airmouse-go/internal/ui/gestures.go:34.62,34.63 0 0
airmouse-go/internal/ui/gestures.go:35.5,35.62 1 0
airmouse-go/internal/ui/gestures.go:35.63,35.64 0 0
airmouse-go/internal/ui/gestures.go:37.5,42.6 1 0
airmouse-go/internal/ui/helpers.go:10.47,12.2 1 0
airmouse-go/internal/ui/helpers.go:15.58,17.2 1 0
airmouse-go/internal/ui/helpers.go:20.81,21.58 1 0
airmouse-go/internal/ui/helpers.go:21.58,22.16 1 0
airmouse-go/internal/ui/helpers.go:22.16,24.4 1 0
airmouse-go/internal/ui/logs.go:30.13,31.46 1 0
airmouse-go/internal/ui/logs.go:31.46,35.34 4 0
airmouse-go/internal/ui/logs.go:35.34,37.10 1 0
airmouse-go/internal/ui/logs.go:38.9,38.27 1 0
airmouse-go/internal/ui/logs.go:42.25,43.25 1 0
airmouse-go/internal/ui/logs.go:43.25,45.6 1 0
airmouse-go/internal/ui/logs.go:46.5,48.34 3 0
airmouse-go/internal/ui/logs.go:48.34,50.47 1 0
airmouse-go/internal/ui/logs.go:50.47,51.21 1 0
airmouse-go/internal/ui/logs.go:54.9,54.79 1 0
airmouse-go/internal/ui/logs.go:54.79,55.21 1 0
airmouse-go/internal/ui/logs.go:57.9,62.30 6 0
airmouse-go/internal/ui/logs.go:64.5,66.20 3 0
airmouse-go/internal/ui/logs.go:66.20,68.6 1 0
airmouse-go/internal/ui/logs.go:73.37,81.44 6 0
airmouse-go/internal/ui/logs.go:81.44,84.6 2 0
airmouse-go/internal/ui/logs.go:86.5,86.94 1 0
airmouse-go/internal/ui/logs.go:86.94,89.6 2 0
airmouse-go/internal/ui/logs.go:90.5,92.55 2 0
airmouse-go/internal/ui/logs.go:92.55,97.6 4 0
airmouse-go/internal/ui/logs.go:98.5,98.57 1 0
airmouse-go/internal/ui/logs.go:98.57,99.73 1 0
airmouse-go/internal/ui/logs.go:99.73,100.44 1 0
airmouse-go/internal/ui/logs.go:100.44,104.46 4 0
airmouse-go/internal/ui/logs.go:104.46,107.18 2 0
airmouse-go/internal/ui/logs.go:112.5,117.87 2 0
airmouse-go/internal/ui/network.go:34.58,42.50 5 0
airmouse-go/internal/ui/network.go:42.50,43.34 1 0
airmouse-go/internal/ui/network.go:43.34,45.10 1 0
airmouse-go/internal/ui/network.go:46.9,46.19 1 0
airmouse-go/internal/ui/network.go:49.5,52.52 4 0
airmouse-go/internal/ui/network.go:52.52,54.45 2 0
airmouse-go/internal/ui/network.go:54.45,56.10 1 0
airmouse-go/internal/ui/network.go:57.9,57.19 1 0
airmouse-go/internal/ui/network.go:60.5,63.54 4 0
airmouse-go/internal/ui/network.go:63.54,65.45 2 0
airmouse-go/internal/ui/network.go:65.45,67.10 1 0
airmouse-go/internal/ui/network.go:68.9,68.19 1 0
airmouse-go/internal/ui/network.go:71.5,72.20 1 0
airmouse-go/internal/ui/network.go:72.20,72.46 1 0
airmouse-go/internal/ui/network.go:73.34,73.64 1 0
airmouse-go/internal/ui/network.go:74.45,76.10 1 0
airmouse-go/internal/ui/network.go:78.5,78.42 1 0
airmouse-go/internal/ui/network.go:78.42,79.44 1 0
airmouse-go/internal/ui/network.go:79.44,82.10 2 0
airmouse-go/internal/ui/network.go:85.5,85.61 1 0
airmouse-go/internal/ui/network.go:85.61,88.6 2 0
airmouse-go/internal/ui/network.go:89.5,89.60 1 0
airmouse-go/internal/ui/network.go:89.60,93.6 3 0
airmouse-go/internal/ui/network.go:94.5,95.56 2 0
airmouse-go/internal/ui/network.go:95.56,96.73 1 0
airmouse-go/internal/ui/network.go:96.73,97.44 1 0
airmouse-go/internal/ui/network.go:97.44,102.14 4 0
airmouse-go/internal/ui/network.go:106.5,111.44 4 0
airmouse-go/internal/ui/network.go:111.44,112.42 1 0
airmouse-go/internal/ui/network.go:112.42,116.10 3 0
airmouse-go/internal/ui/network.go:118.5,118.46 1 0
airmouse-go/internal/ui/network.go:118.46,119.72 1 0
airmouse-go/internal/ui/network.go:119.72,123.10 3 0
airmouse-go/internal/ui/network.go:125.5,125.48 1 0
airmouse-go/internal/ui/network.go:125.48,126.72 1 0
airmouse-go/internal/ui/network.go:126.72,129.10 2 0
airmouse-go/internal/ui/network.go:132.5,142.6 1 0
airmouse-go/internal/ui/network.go:145.33,148.19 3 0
airmouse-go/internal/ui/network.go:148.19,150.6 1 0
airmouse-go/internal/ui/network.go:151.5,152.19 2 0
airmouse-go/internal/ui/network.go:152.19,154.6 1 0
airmouse-go/internal/ui/network.go:155.5,156.24 2 0
airmouse-go/internal/ui/network.go:159.27,162.19 3 0
airmouse-go/internal/ui/network.go:162.19,164.6 1 0
airmouse-go/internal/ui/network.go:165.5,165.32 1 0
airmouse-go/internal/ui/network.go:165.32,166.98 1 0
airmouse-go/internal/ui/network.go:166.98,168.10 1 0
airmouse-go/internal/ui/network.go:170.5,170.22 1 0
airmouse-go/internal/ui/network.go:170.22,172.6 1 0
airmouse-go/internal/ui/network.go:173.5,173.15 1 0
airmouse-go/internal/ui/pairing.go:20.58,23.19 3 0
airmouse-go/internal/ui/pairing.go:23.19,26.6 2 0
airmouse-go/internal/ui/pairing.go:27.5,28.19 2 0
airmouse-go/internal/ui/pairing.go:28.19,31.6 2 0
airmouse-go/internal/ui/pairing.go:32.5,54.66 10 0
airmouse-go/internal/ui/proximity.go:34.42,41.87 2 0
airmouse-go/internal/ui/proximity.go:41.87,42.14 1 0
airmouse-go/internal/ui/proximity.go:42.14,44.4 1 0
airmouse-go/internal/ui/proximity.go:44.9,46.4 1 0
airmouse-go/internal/ui/proximity.go:48.2,56.43 7 0
airmouse-go/internal/ui/proximity.go:56.43,57.84 1 0
airmouse-go/internal/ui/proximity.go:57.84,61.4 3 0
airmouse-go/internal/ui/proximity.go:63.2,63.45 1 0
airmouse-go/internal/ui/proximity.go:63.45,66.3 2 0
airmouse-go/internal/ui/proximity.go:69.2,74.42 6 0
airmouse-go/internal/ui/proximity.go:74.42,75.85 1 0
airmouse-go/internal/ui/proximity.go:75.85,79.4 3 0
airmouse-go/internal/ui/proximity.go:81.2,81.44 1 0
airmouse-go/internal/ui/proximity.go:81.44,84.3 2 0
airmouse-go/internal/ui/proximity.go:87.2,111.37 7 0
airmouse-go/internal/ui/proximity.go:114.48,115.22 1 0
airmouse-go/internal/ui/proximity.go:115.22,117.3 1 0
airmouse-go/internal/ui/proximity.go:118.2,121.32 3 0
airmouse-go/internal/ui/proximity.go:124.47,125.23 1 0
airmouse-go/internal/ui/proximity.go:125.23,127.3 1 0
airmouse-go/internal/ui/proximity.go:128.2,132.51 5 0
airmouse-go/internal/ui/proximity.go:137.50,140.6 3 0
airmouse-go/internal/ui/proximity.go:140.6,141.10 1 0
airmouse-go/internal/ui/proximity.go:142.19,145.26 2 0
airmouse-go/internal/ui/proximity.go:146.23,147.10 1 0
airmouse-go/internal/ui/proximity.go:152.57,157.2 2 0
airmouse-go/internal/ui/proximity.go:159.57,163.2 2 0
airmouse-go/internal/ui/proximity.go:165.56,168.2 2 0
airmouse-go/internal/ui/proximity.go:170.43,171.23 1 0
airmouse-go/internal/ui/proximity.go:171.23,174.3 2 0
airmouse-go/internal/ui/proximity.go:175.2,188.20 5 0
airmouse-go/internal/ui/proximity.go:188.20,189.30 1 0
airmouse-go/internal/ui/proximity.go:189.30,190.39 1 0
airmouse-go/internal/ui/proximity.go:190.39,192.36 2 0
airmouse-go/internal/ui/proximity.go:192.36,195.6 2 0
airmouse-go/internal/ui/proximity.go:196.5,199.203 2 0
airmouse-go/internal/ui/proximity.go:201.4,201.10 1 0
airmouse-go/internal/ui/proximity.go:203.3,204.91 2 0
airmouse-go/internal/ui/proximity.go:204.91,205.10 1 0
airmouse-go/internal/ui/proximity.go:205.10,210.5 4 0
airmouse-go/internal/ui/proximity.go:210.10,212.5 1 0
airmouse-go/internal/ui/proximity.go:215.2,215.12 1 0
airmouse-go/internal/ui/settings.go:48.90,56.55 6 0
airmouse-go/internal/ui/settings.go:56.55,60.6 3 0
airmouse-go/internal/ui/settings.go:63.5,64.67 2 0
airmouse-go/internal/ui/settings.go:64.67,66.49 2 0
airmouse-go/internal/ui/settings.go:66.49,68.10 1 0
airmouse-go/internal/ui/settings.go:70.5,73.80 2 0
airmouse-go/internal/ui/settings.go:73.80,73.105 1 0
airmouse-go/internal/ui/settings.go:74.5,77.73 2 0
airmouse-go/internal/ui/settings.go:77.73,77.106 1 0
airmouse-go/internal/ui/settings.go:78.5,81.71 2 0
airmouse-go/internal/ui/settings.go:81.71,85.6 3 0
airmouse-go/internal/ui/settings.go:86.5,89.88 2 0
airmouse-go/internal/ui/settings.go:89.88,92.6 2 0
airmouse-go/internal/ui/settings.go:93.5,99.59 6 0
airmouse-go/internal/ui/settings.go:99.59,103.6 3 0
airmouse-go/internal/ui/settings.go:106.5,106.87 1 0
airmouse-go/internal/ui/settings.go:106.87,109.6 2 0
airmouse-go/internal/ui/settings.go:110.5,116.56 6 0
airmouse-go/internal/ui/settings.go:116.56,120.6 3 0
airmouse-go/internal/ui/settings.go:122.5,126.52 5 0
airmouse-go/internal/ui/settings.go:126.52,130.6 3 0
airmouse-go/internal/ui/settings.go:132.5,132.83 1 0
airmouse-go/internal/ui/settings.go:132.83,135.6 2 0
airmouse-go/internal/ui/settings.go:136.5,143.58 6 0
airmouse-go/internal/ui/settings.go:143.58,147.6 3 0
airmouse-go/internal/ui/settings.go:150.5,154.59 5 0
airmouse-go/internal/ui/settings.go:154.59,158.6 3 0
airmouse-go/internal/ui/settings.go:161.5,165.55 5 0
airmouse-go/internal/ui/settings.go:165.55,169.6 3 0
airmouse-go/internal/ui/settings.go:172.5,176.58 5 0
airmouse-go/internal/ui/settings.go:176.58,180.6 3 0
airmouse-go/internal/ui/settings.go:183.5,183.71 1 0
airmouse-go/internal/ui/settings.go:183.71,186.6 2 0
airmouse-go/internal/ui/settings.go:187.5,190.82 2 0
airmouse-go/internal/ui/settings.go:190.82,193.6 2 0
airmouse-go/internal/ui/settings.go:194.5,200.55 6 0
airmouse-go/internal/ui/settings.go:200.55,204.6 3 0
airmouse-go/internal/ui/settings.go:207.5,211.57 5 0
airmouse-go/internal/ui/settings.go:211.57,215.6 3 0
airmouse-go/internal/ui/settings.go:217.5,221.56 5 0
airmouse-go/internal/ui/settings.go:221.56,225.6 3 0
airmouse-go/internal/ui/settings.go:228.5,255.40 2 0
airmouse-go/internal/ui/shortcuts.go:11.46,21.2 2 0
airmouse-go/internal/ui/statusbar.go:20.32,27.2 3 0
airmouse-go/internal/ui/statusbar.go:30.49,32.2 1 0
airmouse-go/internal/ui/statusbar.go:34.32,37.6 3 0
airmouse-go/internal/ui/statusbar.go:37.6,38.10 1 0
airmouse-go/internal/ui/statusbar.go:39.19,45.6 2 0
airmouse-go/internal/ui/statusbar.go:46.18,47.10 1 0
airmouse-go/internal/ui/statusbar.go:53.29,55.2 1 0
airmouse-go/internal/ui/themes.go:14.94,15.39 1 0
airmouse-go/internal/ui/themes.go:15.39,17.6 1 0
airmouse-go/internal/ui/themes.go:18.5,18.53 1 0
airmouse-go/internal/ui/themes.go:21.64,23.2 1 0
airmouse-go/internal/ui/themes.go:25.67,27.2 1 0
airmouse-go/internal/ui/themes.go:29.61,31.2 1 0
airmouse-go/internal/ui/themes.go:33.45,34.17 1 0
airmouse-go/internal/ui/themes.go:35.18,36.34 1 0
airmouse-go/internal/ui/themes.go:37.17,38.33 1 0
airmouse-go/internal/ui/themes.go:39.23,40.48 1 0
airmouse-go/internal/ui/themes.go:41.26,42.51 1 0
airmouse-go/internal/ui/themes.go:43.13,44.33 1 0
airmouse-go/internal/protocol/tcp/message.go:8.101,10.51 2 1
airmouse-go/internal/protocol/tcp/message.go:10.51,12.3 1 0
airmouse-go/internal/protocol/tcp/message.go:14.2,14.30 1 1
airmouse-go/internal/protocol/tcp/message.go:14.30,15.53 1 1
airmouse-go/internal/protocol/tcp/message.go:15.53,17.4 1 0
airmouse-go/internal/protocol/tcp/message.go:20.2,21.33 2 1
airmouse-go/internal/protocol/tcp/message.go:21.33,22.53 1 1
airmouse-go/internal/protocol/tcp/message.go:22.53,24.4 1 0
airmouse-go/internal/protocol/tcp/message.go:25.8,26.25 1 1
airmouse-go/internal/protocol/tcp/message.go:26.25,27.32 1 1
airmouse-go/internal/protocol/tcp/message.go:27.32,28.13 1 1
airmouse-go/internal/protocol/tcp/message.go:30.4,31.52 2 1
airmouse-go/internal/protocol/tcp/message.go:31.52,32.13 1 0
airmouse-go/internal/protocol/tcp/message.go:34.4,34.22 1 1
airmouse-go/internal/protocol/tcp/message.go:38.2,38.32 1 1
airmouse-go/internal/protocol/tcp/message.go:38.32,39.54 1 1
airmouse-go/internal/protocol/tcp/message.go:39.54,41.4 1 1
airmouse-go/internal/protocol/tcp/message.go:44.2,44.34 1 1
airmouse-go/internal/protocol/tcp/message.go:47.62,49.48 2 1
airmouse-go/internal/protocol/tcp/message.go:49.48,51.3 1 1
airmouse-go/internal/protocol/tcp/message.go:52.2,53.48 2 1
airmouse-go/internal/protocol/tcp/message.go:53.48,55.3 1 1
airmouse-go/internal/protocol/tcp/message.go:56.2,57.48 2 0
airmouse-go/internal/protocol/tcp/message.go:57.48,59.3 1 0
airmouse-go/internal/protocol/tcp/message.go:60.2,60.48 1 0
airmouse-go/internal/protocol/tcp/message.go:63.36,64.28 1 1
airmouse-go/internal/protocol/tcp/message.go:64.28,66.3 1 0
airmouse-go/internal/protocol/tcp/message.go:67.2,71.27 2 1
airmouse-go/internal/protocol/tcp/message.go:74.28,75.23 1 1
airmouse-go/internal/protocol/tcp/message.go:76.15,77.11 1 1
airmouse-go/internal/protocol/tcp/message.go:78.15,79.20 1 0
airmouse-go/internal/protocol/tcp/message.go:80.11,81.20 1 1
airmouse-go/internal/protocol/tcp/message.go:82.13,83.20 1 0
airmouse-go/internal/protocol/tcp/message.go:84.19,86.11 2 1
airmouse-go/internal/protocol/tcp/message.go:87.10,88.11 1 1
airmouse-go/internal/protocol/tcp/server.go:36.105,44.2 1 0
airmouse-go/internal/protocol/tcp/server.go:46.32,49.16 3 0
airmouse-go/internal/protocol/tcp/server.go:49.16,51.3 1 0
airmouse-go/internal/protocol/tcp/server.go:52.2,56.12 5 0
airmouse-go/internal/protocol/tcp/server.go:59.31,60.16 1 0
airmouse-go/internal/protocol/tcp/server.go:60.16,62.17 2 0
airmouse-go/internal/protocol/tcp/server.go:62.17,63.17 1 0
airmouse-go/internal/protocol/tcp/server.go:63.17,65.5 1 0
airmouse-go/internal/protocol/tcp/server.go:66.4,66.12 1 0
airmouse-go/internal/protocol/tcp/server.go:68.3,68.26 1 0
airmouse-go/internal/protocol/tcp/server.go:72.46,91.12 11 0
airmouse-go/internal/protocol/tcp/server.go:91.12,92.25 1 0
airmouse-go/internal/protocol/tcp/server.go:92.25,96.15 4 0
airmouse-go/internal/protocol/tcp/server.go:96.15,98.5 1 0
airmouse-go/internal/protocol/tcp/server.go:99.4,99.49 1 0
airmouse-go/internal/protocol/tcp/server.go:99.49,103.5 3 0
airmouse-go/internal/protocol/tcp/server.go:104.4,104.48 1 0
airmouse-go/internal/protocol/tcp/server.go:108.2,108.6 1 0
airmouse-go/internal/protocol/tcp/server.go:108.6,110.17 2 0
airmouse-go/internal/protocol/tcp/server.go:110.17,111.9 1 0
airmouse-go/internal/protocol/tcp/server.go:113.3,115.38 3 0
airmouse-go/internal/protocol/tcp/server.go:117.2,122.40 6 0
airmouse-go/internal/protocol/tcp/server.go:125.59,127.16 2 1
airmouse-go/internal/protocol/tcp/server.go:127.16,129.3 1 0
airmouse-go/internal/protocol/tcp/server.go:130.2,130.17 1 1
airmouse-go/internal/protocol/tcp/server.go:131.14,132.61 1 1
airmouse-go/internal/protocol/tcp/server.go:133.15,135.19 2 1
airmouse-go/internal/protocol/tcp/server.go:135.19,137.4 1 0
airmouse-go/internal/protocol/tcp/server.go:138.3,139.25 2 1
airmouse-go/internal/protocol/tcp/server.go:140.21,142.25 2 1
airmouse-go/internal/protocol/tcp/server.go:143.20,145.25 2 1
airmouse-go/internal/protocol/tcp/server.go:146.16,148.25 2 1
airmouse-go/internal/protocol/tcp/server.go:149.15,153.105 4 1
airmouse-go/internal/protocol/tcp/server.go:154.14,155.54 1 1
airmouse-go/internal/protocol/tcp/server.go:156.19,157.66 1 0
airmouse-go/internal/protocol/tcp/server.go:158.17,159.57 1 0
airmouse-go/internal/protocol/tcp/server.go:160.17,162.18 2 1
airmouse-go/internal/protocol/tcp/server.go:163.25,164.35 1 1
airmouse-go/internal/protocol/tcp/server.go:165.26,166.36 1 1
airmouse-go/internal/protocol/tcp/server.go:168.10,169.57 1 0
airmouse-go/internal/protocol/tcp/server.go:173.55,174.41 1 1
airmouse-go/internal/protocol/tcp/server.go:174.41,176.3 1 1
airmouse-go/internal/protocol/tcp/server.go:180.25,182.23 2 0
airmouse-go/internal/protocol/tcp/server.go:182.23,184.3 1 0
airmouse-go/internal/protocol/tcp/server.go:185.2,186.30 2 0
airmouse-go/internal/protocol/tcp/server.go:186.30,188.3 1 0
airmouse-go/internal/protocol/tcp/server.go:189.2,191.37 3 0
airmouse-go/internal/protocol/tcp/server.go:194.52,199.30 5 0
airmouse-go/internal/protocol/tcp/server.go:199.30,202.3 2 0
airmouse-go/internal/protocol/tcp/server.go:203.2,205.14 3 0
airmouse-go/internal/protocol/websocket/message.go:8.101,10.51 2 1
airmouse-go/internal/protocol/websocket/message.go:10.51,12.3 1 0
airmouse-go/internal/protocol/websocket/message.go:14.2,14.30 1 1
airmouse-go/internal/protocol/websocket/message.go:14.30,15.53 1 1
airmouse-go/internal/protocol/websocket/message.go:15.53,17.4 1 0
airmouse-go/internal/protocol/websocket/message.go:20.2,21.33 2 1
airmouse-go/internal/protocol/websocket/message.go:21.33,22.53 1 1
airmouse-go/internal/protocol/websocket/message.go:22.53,24.4 1 0
airmouse-go/internal/protocol/websocket/message.go:25.8,26.25 1 1
airmouse-go/internal/protocol/websocket/message.go:26.25,27.32 1 1
airmouse-go/internal/protocol/websocket/message.go:27.32,28.13 1 1
airmouse-go/internal/protocol/websocket/message.go:30.4,31.52 2 1
airmouse-go/internal/protocol/websocket/message.go:31.52,32.13 1 0
airmouse-go/internal/protocol/websocket/message.go:34.4,34.22 1 1
airmouse-go/internal/protocol/websocket/message.go:38.2,38.32 1 1
airmouse-go/internal/protocol/websocket/message.go:38.32,39.54 1 1
airmouse-go/internal/protocol/websocket/message.go:39.54,41.4 1 1
airmouse-go/internal/protocol/websocket/message.go:44.2,44.34 1 1
airmouse-go/internal/protocol/websocket/message.go:47.62,49.48 2 1
airmouse-go/internal/protocol/websocket/message.go:49.48,51.3 1 0
airmouse-go/internal/protocol/websocket/message.go:52.2,53.48 2 1
airmouse-go/internal/protocol/websocket/message.go:53.48,55.3 1 1
airmouse-go/internal/protocol/websocket/message.go:56.2,57.48 2 0
airmouse-go/internal/protocol/websocket/message.go:57.48,59.3 1 0
airmouse-go/internal/protocol/websocket/message.go:60.2,60.48 1 0
airmouse-go/internal/protocol/websocket/message.go:63.36,64.28 1 1
airmouse-go/internal/protocol/websocket/message.go:64.28,66.3 1 1
airmouse-go/internal/protocol/websocket/message.go:67.2,71.27 2 1
airmouse-go/internal/protocol/websocket/message.go:74.28,75.23 1 1
airmouse-go/internal/protocol/websocket/message.go:76.15,77.11 1 1
airmouse-go/internal/protocol/websocket/message.go:78.15,79.20 1 0
airmouse-go/internal/protocol/websocket/message.go:80.11,81.20 1 1
airmouse-go/internal/protocol/websocket/message.go:82.13,83.20 1 0
airmouse-go/internal/protocol/websocket/message.go:84.19,86.11 2 0
airmouse-go/internal/protocol/websocket/message.go:87.10,88.11 1 0
airmouse-go/internal/protocol/websocket/server.go:20.46,20.61 1 0
airmouse-go/internal/protocol/websocket/server.go:49.115,58.2 1 0
airmouse-go/internal/protocol/websocket/server.go:60.61,62.2 1 1
airmouse-go/internal/protocol/websocket/server.go:64.32,69.12 5 0
airmouse-go/internal/protocol/websocket/server.go:69.12,70.82 1 0
airmouse-go/internal/protocol/websocket/server.go:70.82,72.4 1 0
airmouse-go/internal/protocol/websocket/server.go:74.2,74.12 1 0
airmouse-go/internal/protocol/websocket/server.go:77.74,79.16 2 0
airmouse-go/internal/protocol/websocket/server.go:79.16,81.3 1 0
airmouse-go/internal/protocol/websocket/server.go:82.2,98.24 9 0
airmouse-go/internal/protocol/websocket/server.go:101.45,102.15 1 0
airmouse-go/internal/protocol/websocket/server.go:102.15,109.3 6 0
airmouse-go/internal/protocol/websocket/server.go:111.2,111.6 1 0
airmouse-go/internal/protocol/websocket/server.go:111.6,113.17 2 0
airmouse-go/internal/protocol/websocket/server.go:113.17,115.4 1 0
airmouse-go/internal/protocol/websocket/server.go:116.3,119.17 4 0
airmouse-go/internal/protocol/websocket/server.go:119.17,120.12 1 0
airmouse-go/internal/protocol/websocket/server.go:122.3,122.49 1 0
airmouse-go/internal/protocol/websocket/server.go:126.46,127.31 1 0
airmouse-go/internal/protocol/websocket/server.go:127.31,128.76 1 0
airmouse-go/internal/protocol/websocket/server.go:128.76,130.4 1 0
airmouse-go/internal/protocol/websocket/server.go:131.3,131.38 1 0
airmouse-go/internal/protocol/websocket/server.go:135.103,136.41 1 1
airmouse-go/internal/protocol/websocket/server.go:136.41,138.3 1 1
airmouse-go/internal/protocol/websocket/server.go:140.2,140.17 1 1
airmouse-go/internal/protocol/websocket/server.go:141.14,142.61 1 1
airmouse-go/internal/protocol/websocket/server.go:143.15,145.19 2 1
airmouse-go/internal/protocol/websocket/server.go:145.19,147.4 1 0
airmouse-go/internal/protocol/websocket/server.go:148.3,148.24 1 1
airmouse-go/internal/protocol/websocket/server.go:149.21,150.24 1 1
airmouse-go/internal/protocol/websocket/server.go:151.20,152.25 1 1
airmouse-go/internal/protocol/websocket/server.go:153.16,154.48 1 1
airmouse-go/internal/protocol/websocket/server.go:155.15,158.24 3 1
airmouse-go/internal/protocol/websocket/server.go:158.24,160.4 1 0
airmouse-go/internal/protocol/websocket/server.go:161.3,162.94 2 1
airmouse-go/internal/protocol/websocket/server.go:163.17,166.103 3 1
airmouse-go/internal/protocol/websocket/server.go:167.19,171.28 4 1
airmouse-go/internal/protocol/websocket/server.go:171.28,178.4 1 0
airmouse-go/internal/protocol/websocket/server.go:179.17,181.18 2 1
airmouse-go/internal/protocol/websocket/server.go:182.25,183.35 1 1
airmouse-go/internal/protocol/websocket/server.go:184.26,185.36 1 1
airmouse-go/internal/protocol/websocket/server.go:187.14,188.43 1 1
airmouse-go/internal/protocol/websocket/server.go:189.14,189.14 0 1
airmouse-go/internal/protocol/websocket/server.go:191.10,192.63 1 1
airmouse-go/internal/protocol/websocket/server.go:196.31,199.16 3 0
airmouse-go/internal/protocol/websocket/server.go:199.16,201.3 1 0
airmouse-go/internal/protocol/websocket/server.go:202.2,203.21 2 0
airmouse-go/internal/protocol/websocket/server.go:203.21,205.3 1 0
airmouse-go/internal/protocol/websocket/server.go:206.2,206.30 1 0
airmouse-go/internal/protocol/websocket/server.go:206.30,209.3 2 0
airmouse-go/internal/protocol/websocket/server.go:210.2,211.12 2 0
airmouse-go/internal/protocol/websocket/server.go:214.52,218.2 3 0
airmouse-go/internal/utils/convert.go:6.47,8.19 2 0
airmouse-go/internal/utils/convert.go:8.19,10.6 1 0
airmouse-go/internal/utils/convert.go:11.5,11.15 1 0
airmouse-go/internal/utils/convert.go:15.25,17.2 1 0
airmouse-go/internal/utils/crypto.go:13.53,15.19 2 0
airmouse-go/internal/utils/crypto.go:15.19,17.6 1 0
airmouse-go/internal/utils/crypto.go:18.5,19.19 2 0
airmouse-go/internal/utils/crypto.go:19.19,21.6 1 0
airmouse-go/internal/utils/crypto.go:22.5,23.62 2 0
airmouse-go/internal/utils/crypto.go:23.62,25.6 1 0
airmouse-go/internal/utils/crypto.go:26.5,27.62 2 0
airmouse-go/internal/utils/crypto.go:31.64,33.19 2 0
airmouse-go/internal/utils/crypto.go:33.19,35.6 1 0
airmouse-go/internal/utils/crypto.go:36.5,37.19 2 0
airmouse-go/internal/utils/crypto.go:37.19,39.6 1 0
airmouse-go/internal/utils/crypto.go:40.5,41.19 2 0
airmouse-go/internal/utils/crypto.go:41.19,43.6 1 0
airmouse-go/internal/utils/crypto.go:44.5,45.36 2 0
airmouse-go/internal/utils/crypto.go:45.36,47.6 1 0
airmouse-go/internal/utils/crypto.go:48.5,49.49 2 0
airmouse-go/internal/utils/file.go:9.35,11.2 1 0
airmouse-go/internal/utils/file.go:14.35,16.27 2 0
airmouse-go/internal/utils/file.go:16.27,18.6 1 0
airmouse-go/internal/utils/file.go:19.5,19.25 1 0
airmouse-go/internal/utils/file.go:23.38,25.19 2 0
airmouse-go/internal/utils/file.go:25.19,27.6 1 0
airmouse-go/internal/utils/file.go:28.5,30.19 3 0
airmouse-go/internal/utils/file.go:30.19,32.6 1 0
airmouse-go/internal/utils/file.go:33.5,35.15 3 0
airmouse-go/internal/utils/id.go:11.26,13.43 2 1
airmouse-go/internal/utils/id.go:13.43,16.6 1 0
airmouse-go/internal/utils/id.go:17.5,17.33 1 1
airmouse-go/internal/utils/ip.go:8.26,10.19 2 0
airmouse-go/internal/utils/ip.go:10.19,12.6 1 0
airmouse-go/internal/utils/ip.go:13.5,13.32 1 0
airmouse-go/internal/utils/ip.go:13.32,14.98 1 0
airmouse-go/internal/utils/ip.go:14.98,16.10 1 0
airmouse-go/internal/utils/ip.go:18.5,18.23 1 0
airmouse-go/internal/utils/ip.go:22.32,25.19 3 0
airmouse-go/internal/utils/ip.go:25.19,27.6 1 0
airmouse-go/internal/utils/ip.go:28.5,28.32 1 0
airmouse-go/internal/utils/ip.go:28.32,29.98 1 0
airmouse-go/internal/utils/ip.go:29.98,31.10 1 0
airmouse-go/internal/utils/ip.go:33.5,33.22 1 0
airmouse-go/internal/utils/ip.go:33.22,35.6 1 0
airmouse-go/internal/utils/ip.go:36.5,36.15 1 0
airmouse-go/internal/utils/log.go:10.50,11.19 1 0
airmouse-go/internal/utils/log.go:11.19,13.3 1 0
airmouse-go/internal/utils/log.go:13.8,15.3 1 0
airmouse-go/internal/utils/log.go:18.51,19.19 1 0
airmouse-go/internal/utils/log.go:19.19,21.3 1 0
airmouse-go/internal/utils/log.go:21.8,23.3 1 0
airmouse-go/internal/utils/log.go:26.51,27.19 1 0
airmouse-go/internal/utils/log.go:27.19,29.3 1 0
airmouse-go/internal/utils/log.go:29.8,31.3 1 0
airmouse-go/internal/utils/log.go:34.51,35.19 1 0
airmouse-go/internal/utils/log.go:35.19,37.3 1 0
airmouse-go/internal/utils/log.go:37.8,39.3 1 0
airmouse-go/internal/utils/log.go:47.20,47.21 0 0
airmouse-go/internal/utils/log.go:48.31,48.62 1 0
airmouse-go/internal/utils/log.go:49.31,49.58 1 0
airmouse-go/internal/utils/metrics.go:24.28,26.78 1 0
airmouse-go/internal/utils/metrics.go:26.78,28.6 1 0
airmouse-go/internal/utils/metrics.go:30.5,30.56 1 0
airmouse-go/internal/utils/metrics.go:30.56,33.6 2 0
airmouse-go/internal/utils/metrics.go:34.5,36.19 3 0
airmouse-go/internal/utils/metrics.go:39.35,42.2 1 0
airmouse-go/internal/utils/random.go:12.42,14.22 2 0
airmouse-go/internal/utils/random.go:14.22,16.23 2 0
airmouse-go/internal/utils/random.go:16.23,18.10 1 0
airmouse-go/internal/utils/random.go:19.9,19.41 1 0
airmouse-go/internal/utils/random.go:21.5,21.26 1 0
airmouse-go/internal/utils/random.go:25.36,28.19 3 0
airmouse-go/internal/utils/random.go:28.19,30.6 1 0
airmouse-go/internal/utils/random.go:31.5,31.53 1 0
airmouse-go/internal/utils/time.go:6.45,8.2 1 0
airmouse-go/internal/utils/time.go:11.75,13.19 2 0
airmouse-go/internal/utils/time.go:13.19,15.6 1 0
airmouse-go/internal/utils/time.go:16.5,16.13 1 0
airmouse-go/internal/utils/time.go:20.24,22.2 1 0
airmouse-go/internal/utils/validation.go:12.34,14.2 1 0
airmouse-go/internal/utils/validation.go:16.42,18.2 1 0
airmouse-go/internal/utils/validation.go:20.33,22.2 1 0
